gpu可以使用，迁移模型至gpu
文本词表模型加载完毕，开始训练
epoch num: 50
batch_size: 128
learning rate: 0.0001
=========
epoch 1 begin
第1轮平均loss:5.300423
让他在半年之前，就不能做出了一个人，你们不少人，你们不是你节，
李慕站在山路上，深深的呼吸，说道：[UNK]你什么，你们不是你
=========
epoch 2 begin
第2轮平均loss:4.160023
让他在半年之前，就不能做出这些事情，他们也不能再说，这是他们的
李慕站在山路上，深深的呼吸，李慕的身体，也不能再次出现在这里，
=========
epoch 3 begin
第3轮平均loss:3.817428
让他在半年之前，就不能做出来的事情吧。[UNK][UNK][UNK]
李慕站在山路上，深深的呼吸，一道声音从外面走出来，问道：[UNK]
=========
epoch 4 begin
第4轮平均loss:3.592738
让他在半年之前，就不能做出这样的势力。李慕看着他，说道：[UNK]
李慕站在山路上，深深的呼吸，一名女子从外面闪过来，说道：[UNK]
=========
epoch 5 begin
第5轮平均loss:3.406063
让他在半年之前，就不能做出来的，他们可以不敢在这里，他们也不会
李慕站在山路上，深深的呼吸，他的身体里，忽然传来一道声音：[UNK]
=========
epoch 6 begin
第6轮平均loss:3.240726
让他在半年之前，就不能做出来，但那就是他的身份，但也不是第一次
李慕站在山路上，深深的呼吸，他们的身体，就是一个大周的捕快，但
=========
epoch 7 begin
第7轮平均loss:3.087224
让他在半年之前，就不能做出一个不同的事情，他们的确是他们，也不
李慕站在山路上，深深的呼吸，一道声音从外面走进来，说道：[UNK]
=========
epoch 8 begin
第8轮平均loss:2.939735
让他在半年之前，就不能做出这样的事情，他们的修为，已经在修行界
李慕站在山路上，深深的呼吸，说道：[UNK][UNK][UNK]
=========
epoch 9 begin
第9轮平均loss:2.793821
让他在半年之前，就不能做出这样的事情，他们的实力，超过天书，也
李慕站在山路上，深深的呼吸，吸收了不少财气，这种情况，他们的身
=========
epoch 10 begin
第10轮平均loss:2.652674
让他在半年之前，就不能做出这种事情，他们需要一些年纪，应该就能
李慕站在山路上，深深的呼吸了一口气，说道：[UNK][UNK]
=========
epoch 11 begin
第11轮平均loss:2.516842
让他在半年之前，就不能做出什么事情。他看着李慕，问道：[UNK]
李慕站在山路上，深深的呼吸口气，说道：[UNK][UNK][UNK]
=========
epoch 12 begin
第12轮平均loss:2.384163
让他在半年之前，就不能做出这种事情，他们不能一直在这里找我[UNK]
李慕站在山路上，深深的呼吸了一口声。李慕走进院中，看着他，问道
=========
epoch 13 begin
第13轮平均loss:2.253860
让他在半年之前，就不能做出什么事情。李慕并没有告诉过她。她此刻
李慕站在山路上，深深的呼吸了几口气，说道：[UNK][UNK]
=========
epoch 14 begin
第14轮平均loss:2.131759
让他在半年之前，就不能做出这种事情，他不能不会再让别人知道，这
李慕站在山路上，深深的呼吸了一口唾沫。李慕手中的灵螺愤怒，立刻
=========
epoch 15 begin
第15轮平均loss:2.010573
让他在半年之前，就不能做出这样的事情[UNK][UNK][UNK]
李慕站在山路上，深深的呼吸了一口声。李慕回头看了看柳含烟，说道
=========
epoch 16 begin
第16轮平均loss:1.897156
让他在半年之前，就不能做出这种事情，他们一定会想到，陛下属下有
李慕站在山路上，深深的呼吸了一口气，说道：[UNK][UNK]
=========
epoch 17 begin
第17轮平均loss:1.787941
让他在半年之前，就不能做出这种事情。他的实力，可比李慕还清楚，
李慕站在山路上，深深的呼吸了一口唾沫。李慕收起笔，缓缓的向那少
=========
epoch 18 begin
第18轮平均loss:1.688262
让他在半年之前，就不能做出这种事情，他们需要先解决这个麻烦。白
李慕站在山路上，深深的呼吸了一口气。他们居然都没有骑着马？[UNK]
=========
epoch 19 begin
第19轮平均loss:1.590916
让他在半年之前，就不能做出这种事情。为了让他们一种无比诡异的力
李慕站在山路上，深深的呼吸了一口气，说道：[UNK][UNK]
=========
epoch 20 begin
第20轮平均loss:1.502583
让他在半年之前，就不能做出这种事情。他本来就是为了报仇的，他们
李慕站在山路上，深深的呼吸了一口气，说道：[UNK]她看着李慕
=========
epoch 21 begin
第21轮平均loss:1.419982
让他在半年之前，就不能做出这种事情，不能认错人了吗？[UNK]
李慕站在山路上，深深的呼吸了一口气，说道：[UNK]小蛇是我的
=========
epoch 22 begin
第22轮平均loss:1.346029
让他在半年之前，就不能做出这种事情，他不能应付，玄冥和另一位太
李慕站在山路上，深深的呼吸了一口新鲜血滴在他的头顶，再次浮现出
=========
epoch 23 begin
第23轮平均loss:1.276012
让他在半年之前，就不能做出这种事情，不能应该让他们相信。又是一
李慕站在山路上，深深的呼吸了一口气，说道：[UNK]鹰七一脸喜
=========
epoch 24 begin
第24轮平均loss:1.215578
让他在半年之前，就不能做出这种事情。他从床上起来，毫不犹豫的一
李慕站在山路上，深深的呼吸了一口气，说道：[UNK]她翻开这本
=========
epoch 25 begin
第25轮平均loss:1.160172
让他在半年之前，就不能做出这种不利的时候，被他拒绝了，为了修行
李慕站在山路上，深深的呼吸，感受到了漩涡，另一个中间，还有不少
=========
epoch 26 begin
第26轮平均loss:1.110948
让他在半年之前，就不能做出这种事情。现在他没有告诉李慕，只是问
李慕站在山路上，深深的呼吸了一口新鲜血液。上官离看到他殴打礼部
=========
epoch 27 begin
第27轮平均loss:1.068217
让他在半年之前，就不能做出这种事情，绝对是一套成功率的冲击。只
李慕站在山路上，深深的呼吸。其中几名第五境修为，无论是什么东西
=========
epoch 28 begin
第28轮平均loss:1.031746
让他在半年之前，就不能做出这种事情，他曾经劝阻过李慕，严惩不贷
李慕站在山路上，深深的呼吸了一口气。李慕捂着肚子，小声道：[UNK]
=========
epoch 29 begin
第29轮平均loss:0.999535
让他在半年之前，就不能做出这种事情，他曾经很少参与新的方式，原
李慕站在山路上，深深的呼吸，引来了普通的天书，但李慕虽然面露不
=========
epoch 30 begin
第30轮平均loss:0.968840
让他在半年之前，就不能做出这样的决定。关于纯阴之体的魂魄，是七
李慕站在山路上，深深的呼吸了一口新鲜血滴过，低头看向自己的脸，
=========
epoch 31 begin
第31轮平均loss:0.943191
让他在半年之前，就不能做出这样的决定。他本打算从普通人的审理时
李慕站在山路上，深深的呼吸了一口新鲜血滴落下，然后抬起头，说道
=========
epoch 32 begin
第32轮平均loss:0.922568
让他在半年之前，就不能做出这种事情，他心里不会再尝尝这些事情，
李慕站在山路上，深深的呼吸。李慕抬头看了看太阳，看到完全不像他
=========
epoch 33 begin
第33轮平均loss:0.901774
让他在半年之前，就不能做出这样的事情。他将这些申国人收到的，完
李慕站在山路上，深深的呼吸了一口气，说道：[UNK]我看你怎么
=========
epoch 34 begin
第34轮平均loss:0.882732
让他在半年之前，就不能做出这种事情。他已经没有做这种经验，你们
李慕站在山路上，深深的呼吸。其中几名第五境修为的妖物，站在申国
=========
epoch 35 begin
第35轮平均loss:0.869068
让他在半年之前，就不能做出这种对妖族的修行有证据，他没有保证自
李慕站在山路上，深深的呼吸了一口气，说道：[UNK][UNK]
=========
epoch 36 begin
第36轮平均loss:0.853193
让他在半年之前，就不能做出什么不利的惊慌，李慕已经拿出了符道试
李慕站在山路上，深深的呼吸，受尽了恐惧。他们的目的并不是最多的
=========
epoch 37 begin
第37轮平均loss:0.839360
让他在半年之前，就不能做出这种事情，他曾经很少参与过申国的四位
李慕站在山路上，深深的呼吸，对那巨兽的身影，出现在他身旁，淡淡
=========
epoch 38 begin
第38轮平均loss:0.828926
让他在半年之前，就不能做出这样的决定。他点了点头，说道：[UNK]
李慕站在山路上，深深的呼吸，感受到了熟悉的气息出现在院中。四个
=========
epoch 39 begin
第39轮平均loss:0.818988
让他在半年之前，就不能做出这样的决定。所以他也没有产生这种感觉
李慕站在山路上，深深的呼吸，说道：[UNK]我送你去吧，我去给
=========
epoch 40 begin
第40轮平均loss:0.809106
让他在半年之前，就不能做出选择。这么断绝的律法，李慕能够承受天
李慕站在山路上，深深的呼吸深入神通，有足够的怒情，我已经化成了
=========
epoch 41 begin
第41轮平均loss:0.799640
让他在半年之前，就不能做出这种对朝廷的事情[UNK]李慕目光望
李慕站在山路上，深深的呼吸，引来黑气中，被掀起了波动的剑鞘，看
=========
epoch 42 begin
第42轮平均loss:0.791963
让他在半年之前，就不能做出这样的决定。所以他也没有产生这种感情
李慕站在山路上，深深的呼吸，说明，有无数人心中有掀起波澜，甚至
=========
epoch 43 begin
第43轮平均loss:0.781862
让他在半年之前，就不能做出这种不义之事的机会，否则，他现在的修
李慕站在山路上，深深的呼吸，说道：[UNK]我和她们谈论了三成
=========
epoch 44 begin
第44轮平均loss:0.773165
让他在半年之前，就不能做出这种事情，陛下也不必依靠别人，世间有
李慕站在山路上，深深的呼吸了一口气，说道：[UNK][UNK]
=========
epoch 45 begin
第45轮平均loss:0.769072
让他在半年之前，就不能做出这样的对立，他若是并不吝啬。作为捕快
李慕站在山路上，深深的呼吸，引雷咒，火焰逐渐散去。他越来越喜欢
=========
epoch 46 begin
第46轮平均loss:0.762640
让他在半年之前，就不能做出这种事情。他之所以以前是第一次考验，
李慕站在山路上，深深的呼吸，意识到了一个危险的边缘，他们在两位
=========
epoch 47 begin
第47轮平均loss:0.757871
让他在半年之前，就不能做出什么不利的机会。仔细思考这个问题，应
李慕站在山路上，深深的呼吸，感受到了熟悉的气息出现在了他的眼前
=========
epoch 48 begin
第48轮平均loss:0.750900
让他在半年之前，就不能做出了巨大的事情，仅仅失败了两次，就找到
李慕站在山路上，深深的呼吸了一口新鲜感。看着那站出来的身影，咬
=========
epoch 49 begin
第49轮平均loss:0.747638
让他在半年之前，就不能做出什么不对劲。青煞狼王看着那幽影，沉声
李慕站在山路上，深深的呼吸，知道了他的身体里，有些道法，任何一
=========
epoch 50 begin
第50轮平均loss:0.743661
让他在半年之前，就不能做出什么不利于他的理由，恐怕李慕更加坚信
李慕站在山路上，深深的呼吸。同时，他的身体在瞬间死亡，的幽泉目
