gpu可以使用，迁移模型至gpu
文本词表模型加载完毕，开始训练
epoch num: 30
batch_size: 32
learning rate: 0.00001
=========
epoch 1 begin
第1轮平均loss:6.150640
让他在半年之前，就不能做出了一个礼子，李慕不是一个人的，他们的
李慕站在山路上，深深的呼吸，说道：[UNK][UNK][UNK]
=========
epoch 2 begin
第2轮平均loss:5.029335
让他在半年之前，就不能做出妖国的，他们的身体，也不是他们的，他
李慕站在山路上，深深的呼吸，说道：[UNK]你们虚力，他们的身
=========
epoch 3 begin
第3轮平均loss:4.645529
让他在半年之前，就不能做出一个人，他们的身影，也不是他们的，不
李慕站在山路上，深深的呼吸，说道：[UNK][UNK][UNK]
=========
epoch 4 begin
第4轮平均loss:4.405045
让他在半年之前，就不能做出了一个人，他们的身体，也不能再提出一
李慕站在山路上，深深的呼吸，说道：[UNK][UNK][UNK]
=========
epoch 5 begin
第5轮平均loss:4.234663
让他在半年之前，就不能做出一个人，但也不是他们的身体，也不是一
李慕站在山路上，深深的呼吸。李慕看向李慕，说道：[UNK][UNK]
=========
epoch 6 begin
第6轮平均loss:4.105245
让他在半年之前，就不能做出了一个人，但也不是李慕的身体，也不能
李慕站在山路上，深深的呼吸。李慕看着李慕，问道：[UNK][UNK]
=========
epoch 7 begin
第7轮平均loss:3.999471
让他在半年之前，就不能做出了什么，他们也不会再说，我们也不是什
李慕站在山路上，深深的呼吸口气，径身的一道身影，说道：[UNK]
=========
epoch 8 begin
第8轮平均loss:3.909301
让他在半年之前，就不能做出了什么，他们的身体，街道上的一个脸色
李慕站在山路上，深深的呼吸口气，说道：[UNK][UNK][UNK]
=========
epoch 9 begin
第9轮平均loss:3.830618
让他在半年之前，就不能做出什么事情，他们也不能再说什么，这是我
李慕站在山路上，深深的呼吸口气，说道：[UNK][UNK][UNK]
=========
epoch 10 begin
第10轮平均loss:3.761478
让他在半年之前，就不能做出了什么事情，他们也不会有什么事情，他
李慕站在山路上，深深的呼吸口气，说道：[UNK][UNK][UNK]
=========
epoch 11 begin
第11轮平均loss:3.696272
让他在半年之前，就不能做出了什么剑影。李慕看着李慕，问道：[UNK]
李慕站在山路上，深深的呼吸，一道身影从他身上茫然出现，问道：[UNK]
=========
epoch 12 begin
第12轮平均loss:3.637827
让他在半年之前，就不能做出了什么，他们也不能再说什么，这是他们
李慕站在山路上，深深的呼吸。李慕看着李慕，说道：[UNK][UNK]
=========
epoch 13 begin
第13轮平均loss:3.581613
让他在半年之前，就不能做出了什么事情，他们的实力，也不能让他们
李慕站在山路上，深深的呼吸，一道身影从他脑袋上走出来，说道：[UNK]
=========
epoch 14 begin
第14轮平均loss:3.529177
让他在半年之前，就不能做出了什么事情，他们也不知道，他们就是为
李慕站在山路上，深深的呼吸口气，说道：[UNK][UNK][UNK]
=========
epoch 15 begin
第15轮平均loss:3.478665
让他在半年之前，就不能做出了什么事情。李慕看着李慕，问道：[UNK]
李慕站在山路上，深深的呼吸口气，说道：[UNK][UNK][UNK]
=========
epoch 16 begin
第16轮平均loss:3.428854
让他在半年之前，就不能做出了什么事情。李慕看着他，问道：[UNK]
李慕站在山路上，深深的呼吸，李慕的身体，也是一个巨大的力量，但
=========
epoch 17 begin
第17轮平均loss:3.383663
让他在半年之前，就不能做出了什么事情，他们一定会有人会达到第六
李慕站在山路上，深深的呼吸之后，便有一道人影从外面走进来，说道
=========
epoch 18 begin
第18轮平均loss:3.337862
让他在半年之前，就不能做出这种事情。[UNK][UNK][UNK]
李慕站在山路上，深深的呼吸之后，便有一道人影从外面走进来，说道
=========
epoch 19 begin
第19轮平均loss:3.293584
让他在半年之前，就不能做出了什么事情，他们的实力，也不是第一个
李慕站在山路上，深深的呼吸之后，便有一道人影从外面走进来，问道
=========
epoch 20 begin
第20轮平均loss:3.251319
让他在半年之前，就不能做出了什么事情，他就能将这些事情都没有空
李慕站在山路上，深深的呼吸之后，仍然有些尴尬，但却没有一点儿人
=========
epoch 21 begin
第21轮平均loss:3.209225
让他在半年之前，就不能做出了什么。他们一直在祖洲前辈，也没有任
李慕站在山路上，深深的呼吸之后，便有一道人影从外面走进来。李慕
=========
epoch 22 begin
第22轮平均loss:3.166137
让他在半年之前，就不能做出这种事情，他搬上了一个人，就算是他们
李慕站在山路上，深深的呼吸之后，就能将他们带到一处平静。南阳郡
=========
epoch 23 begin
第23轮平均loss:3.126698
让他在半年之前，就不能做出了再说。[UNK][UNK][UNK]
李慕站在山路上，深深的呼吸之后，两人的身影已经消失在了他的身上
=========
epoch 24 begin
第24轮平均loss:3.086737
让他在半年之前，就不能做出这么多事情了。[UNK][UNK][UNK]
李慕站在山路上，深深的呼吸之后，便有一道脸色，已经变的变的极限
=========
epoch 25 begin
第25轮平均loss:3.048192
让他在半年之前，就不能做出了什么。他们一直在追杀，他们也不能再
李慕站在山路上，深深的呼吸之后，便能将第五境的修为和修行者们，
=========
epoch 26 begin
第26轮平均loss:3.007890
让他在半年之前，就不能做出这么多事情了。李慕看着她，问道：[UNK]
李慕站在山路上，深深的呼吸之后，便能够感受到这种地方。但李慕也
=========
epoch 27 begin
第27轮平均loss:2.971988
让他在半年之前，就不能做出这么多事情了。临走之前，他就是将自己
李慕站在山路上，深深的呼吸之后，便闹到了一处洞府。李慕看着他，
=========
epoch 28 begin
第28轮平均loss:2.933075
让他在半年之前，就不能做出决定，他们的院长，也不会再这么下去。
李慕站在山路上，深深的呼吸之后，便有一道人影从外面走进来。李慕
=========
epoch 29 begin
第29轮平均loss:2.894905
让他在半年之前，就不能做出决定，连女皇都要在这里等我。[UNK]
李慕站在山路上，深深的呼吸之后，便有些刁民心，若是有人能让他们
=========
epoch 30 begin
第30轮平均loss:2.859566
让他在半年之前，就不能做出决定，他的事情，就是为了保证自己的实
李慕站在山路上，深深的呼吸之后，就能看到这张符[UNK][UNK]
