gpu可以使用，迁移模型至gpu
文本词表模型加载完毕，开始训练
epoch num: 50
batch_size: 32
learning rate: 0.0001
=========
epoch 1 begin
第1轮平均loss:9.806306
开始测试第1轮模型效果：
输入：阿根廷布宜诺斯艾利斯省奇尔梅斯市一服装店，8个月内被抢了三次。最后被抢劫的经历，更是直接让老板心理崩溃：歹徒在抢完不久后发现衣服[UNK]抢错了尺码[UNK]，理直气壮地拿着衣服到店里换，老板又不敢声张，只好忍气吞声。（中国新[CLS]阿根廷歹徒抢服装尺码不对拿回店里换[PAD][PAD]
输出：[PAD][PAD][PAD][PAD][PAD][PAD][PAD][PAD][PAD][PAD]国[PAD][PAD][PAD][PAD][PAD][PAD][PAD][PAD][PAD]
输入：就俄罗斯免费医疗话题，国家卫生计生委国际司司长任明辉表示，真正的免费医疗制度不存在。或由税收支持，或个人和企业支付的医疗保险社会保险解决。免费医疗国家的患者看病不花钱，费用在各种税收或缴纳的保险中体现了。（网图[CLS]卫生计生委国际司司长：真正的免费医疗不
输出：[PAD]殞[PAD][PAD][PAD][PAD][PAD][PAD][PAD][PAD][PAD][PAD][PAD][PAD][PAD][PAD][PAD][PAD][PAD][PAD]
输入：6月合格境外机构投资者([UNK][UNK][UNK][UNK])加快入市步伐。据中登公司发布的2013年6月份统计月报显示，[UNK][UNK][UNK][UNK]基金6月份在沪深两市分别新增开户14、15个[UNK]股股票账户，这29个账户让[UNK][UNK][UNK][UNK]在沪深两市的总账户数达到46[CLS]6月[UNK][UNK][UNK][UNK]积极入市[UNK]新增开户29户[PAD]
输出：[PAD][PAD][PAD][PAD]##なる[PAD][PAD][PAD][PAD][PAD][PAD]sorry[PAD][PAD]ts[PAD]##ック[PAD][PAD]##鸳
输入：路透社消息，一艘从利比亚横渡地中海开往意大利的偷渡船倾覆，约400人身亡。船上载有550多名偷渡客，许多是年轻人和儿童，大部分来自撒哈拉以南非洲地区。事发后意大利海防部队展开搜救，获救的150人被送往意大利南部[CLS]从利比亚开往意大利：400偷渡客沉船身
输出：[PAD]灞[PAD][PAD][PAD]铬[PAD][PAD]##馳[PAD][PAD][PAD][PAD][PAD][PAD][PAD][PAD][PAD]喲[PAD]
=========
epoch 2 begin
第2轮平均loss:8.573383
开始测试第2轮模型效果：
输入：阿根廷布宜诺斯艾利斯省奇尔梅斯市一服装店，8个月内被抢了三次。最后被抢劫的经历，更是直接让老板心理崩溃：歹徒在抢完不久后发现衣服[UNK]抢错了尺码[UNK]，理直气壮地拿着衣服到店里换，老板又不敢声张，只好忍气吞声。（中国新[CLS]阿根廷歹徒抢服装尺码不对拿回店里换[PAD][PAD]
输出：[PAD][PAD][PAD][PAD][PAD][PAD][PAD][PAD][UNK]##阀eia[PAD][UNK][PAD][PAD][PAD]##牛[PAD][PAD][PAD]
输入：就俄罗斯免费医疗话题，国家卫生计生委国际司司长任明辉表示，真正的免费医疗制度不存在。或由税收支持，或个人和企业支付的医疗保险社会保险解决。免费医疗国家的患者看病不花钱，费用在各种税收或缴纳的保险中体现了。（网图[CLS]卫生计生委国际司司长：真正的免费医疗不
输出：稿[UNK][UNK][UNK]з[UNK][UNK][UNK][UNK][PAD][PAD][PAD]all[PAD][PAD][PAD][PAD][PAD][UNK][PAD]
输入：6月合格境外机构投资者([UNK][UNK][UNK][UNK])加快入市步伐。据中登公司发布的2013年6月份统计月报显示，[UNK][UNK][UNK][UNK]基金6月份在沪深两市分别新增开户14、15个[UNK]股股票账户，这29个账户让[UNK][UNK][UNK][UNK]在沪深两市的总账户数达到46[CLS]6月[UNK][UNK][UNK][UNK]积极入市[UNK]新增开户29户[PAD]
输出：[PAD][UNK][UNK][UNK][UNK][UNK][UNK][UNK][UNK][UNK][UNK][UNK]##精[UNK][UNK]##tee[PAD][PAD][PAD][PAD]
输入：路透社消息，一艘从利比亚横渡地中海开往意大利的偷渡船倾覆，约400人身亡。船上载有550多名偷渡客，许多是年轻人和儿童，大部分来自撒哈拉以南非洲地区。事发后意大利海防部队展开搜救，获救的150人被送往意大利南部[CLS]从利比亚开往意大利：400偷渡客沉船身
输出：[PAD][UNK][UNK]##sson##郫[UNK][PAD][PAD][UNK][UNK][UNK][PAD][UNK]瞪##碎[UNK][PAD][UNK][PAD][PAD]
=========
epoch 3 begin
第3轮平均loss:8.204616
开始测试第3轮模型效果：
输入：阿根廷布宜诺斯艾利斯省奇尔梅斯市一服装店，8个月内被抢了三次。最后被抢劫的经历，更是直接让老板心理崩溃：歹徒在抢完不久后发现衣服[UNK]抢错了尺码[UNK]，理直气壮地拿着衣服到店里换，老板又不敢声张，只好忍气吞声。（中国新[CLS]阿根廷歹徒抢服装尺码不对拿回店里换[PAD][PAD]
输出：[PAD]##影[UNK][UNK][UNK][UNK][UNK][UNK]ｯ[UNK][UNK][UNK][UNK][UNK][UNK][UNK][UNK][UNK][PAD][PAD]
输入：就俄罗斯免费医疗话题，国家卫生计生委国际司司长任明辉表示，真正的免费医疗制度不存在。或由税收支持，或个人和企业支付的医疗保险社会保险解决。免费医疗国家的患者看病不花钱，费用在各种税收或缴纳的保险中体现了。（网图[CLS]卫生计生委国际司司长：真正的免费医疗不
输出：[PAD][UNK][UNK][UNK][UNK][UNK][UNK]撷[UNK][UNK][UNK][UNK][UNK][UNK][UNK][UNK][UNK][UNK][UNK][UNK]
输入：6月合格境外机构投资者([UNK][UNK][UNK][UNK])加快入市步伐。据中登公司发布的2013年6月份统计月报显示，[UNK][UNK][UNK][UNK]基金6月份在沪深两市分别新增开户14、15个[UNK]股股票账户，这29个账户让[UNK][UNK][UNK][UNK]在沪深两市的总账户数达到46[CLS]6月[UNK][UNK][UNK][UNK]积极入市[UNK]新增开户29户[PAD]
输出：[PAD][UNK][UNK][UNK][UNK][UNK][UNK][UNK][UNK][UNK][UNK][UNK][UNK][UNK]しにはとんとんワークケートを[UNK]##mail[UNK][UNK][PAD]
输入：路透社消息，一艘从利比亚横渡地中海开往意大利的偷渡船倾覆，约400人身亡。船上载有550多名偷渡客，许多是年轻人和儿童，大部分来自撒哈拉以南非洲地区。事发后意大利海防部队展开搜救，获救的150人被送往意大利南部[CLS]从利比亚开往意大利：400偷渡客沉船身
输出：[PAD][UNK][UNK][UNK][UNK][UNK][UNK][UNK][UNK][UNK][UNK][UNK][UNK]##霈[UNK][UNK][UNK][UNK][UNK][UNK]
=========
epoch 4 begin
第4轮平均loss:7.551045
开始测试第4轮模型效果：
输入：阿根廷布宜诺斯艾利斯省奇尔梅斯市一服装店，8个月内被抢了三次。最后被抢劫的经历，更是直接让老板心理崩溃：歹徒在抢完不久后发现衣服[UNK]抢错了尺码[UNK]，理直气壮地拿着衣服到店里换，老板又不敢声张，只好忍气吞声。（中国新[CLS]阿根廷歹徒抢服装尺码不对拿回店里换[PAD][PAD]
输出：[PAD][UNK][UNK][UNK][UNK][UNK][UNK][UNK][UNK][UNK][UNK][UNK][UNK][UNK][UNK][UNK][UNK][UNK][PAD][PAD]
输入：就俄罗斯免费医疗话题，国家卫生计生委国际司司长任明辉表示，真正的免费医疗制度不存在。或由税收支持，或个人和企业支付的医疗保险社会保险解决。免费医疗国家的患者看病不花钱，费用在各种税收或缴纳的保险中体现了。（网图[CLS]卫生计生委国际司司长：真正的免费医疗不
输出：[PAD][UNK][UNK][UNK][UNK]际[UNK][UNK][UNK][UNK][UNK][UNK][UNK][UNK][UNK][UNK][UNK][UNK][UNK][UNK]
输入：6月合格境外机构投资者([UNK][UNK][UNK][UNK])加快入市步伐。据中登公司发布的2013年6月份统计月报显示，[UNK][UNK][UNK][UNK]基金6月份在沪深两市分别新增开户14、15个[UNK]股股票账户，这29个账户让[UNK][UNK][UNK][UNK]在沪深两市的总账户数达到46[CLS]6月[UNK][UNK][UNK][UNK]积极入市[UNK]新增开户29户[PAD]
输出：[PAD][UNK][UNK][UNK][UNK][UNK][UNK][UNK][UNK][UNK][UNK][UNK][UNK][UNK][UNK]萍0[UNK][UNK][PAD]
输入：路透社消息，一艘从利比亚横渡地中海开往意大利的偷渡船倾覆，约400人身亡。船上载有550多名偷渡客，许多是年轻人和儿童，大部分来自撒哈拉以南非洲地区。事发后意大利海防部队展开搜救，获救的150人被送往意大利南部[CLS]从利比亚开往意大利：400偷渡客沉船身
输出：[PAD][UNK][UNK][UNK][UNK][UNK][UNK][UNK][UNK]##邬[UNK]000[UNK][UNK][UNK][UNK][UNK][UNK]
=========
epoch 5 begin
第5轮平均loss:7.155702
开始测试第5轮模型效果：
输入：阿根廷布宜诺斯艾利斯省奇尔梅斯市一服装店，8个月内被抢了三次。最后被抢劫的经历，更是直接让老板心理崩溃：歹徒在抢完不久后发现衣服[UNK]抢错了尺码[UNK]，理直气壮地拿着衣服到店里换，老板又不敢声张，只好忍气吞声。（中国新[CLS]阿根廷歹徒抢服装尺码不对拿回店里换[PAD][PAD]
输出：[PAD][UNK][UNK][UNK][UNK][UNK][UNK][UNK][UNK][UNK][UNK][UNK][UNK][UNK][UNK][UNK][UNK][UNK][PAD][PAD]
输入：就俄罗斯免费医疗话题，国家卫生计生委国际司司长任明辉表示，真正的免费医疗制度不存在。或由税收支持，或个人和企业支付的医疗保险社会保险解决。免费医疗国家的患者看病不花钱，费用在各种税收或缴纳的保险中体现了。（网图[CLS]卫生计生委国际司司长：真正的免费医疗不
输出：[PAD]##ことを[UNK][UNK]鲑[UNK][UNK][UNK][UNK][UNK][UNK][SEP]蚩[SEP][UNK][UNK][UNK][UNK][UNK][UNK]
输入：6月合格境外机构投资者([UNK][UNK][UNK][UNK])加快入市步伐。据中登公司发布的2013年6月份统计月报显示，[UNK][UNK][UNK][UNK]基金6月份在沪深两市分别新增开户14、15个[UNK]股股票账户，这29个账户让[UNK][UNK][UNK][UNK]在沪深两市的总账户数达到46[CLS]6月[UNK][UNK][UNK][UNK]积极入市[UNK]新增开户29户[PAD]
输出：[PAD][UNK][UNK][UNK][UNK][UNK][UNK][UNK][UNK][UNK][UNK][UNK][UNK][UNK]癲[UNK]0[UNK][UNK][PAD]
输入：路透社消息，一艘从利比亚横渡地中海开往意大利的偷渡船倾覆，约400人身亡。船上载有550多名偷渡客，许多是年轻人和儿童，大部分来自撒哈拉以南非洲地区。事发后意大利海防部队展开搜救，获救的150人被送往意大利南部[CLS]从利比亚开往意大利：400偷渡客沉船身
输出：[PAD][UNK][UNK][UNK]##黎[UNK][UNK][UNK][UNK][UNK][unused3]##慌00[UNK]##邻[UNK][UNK][UNK][UNK]
=========
epoch 6 begin
第6轮平均loss:6.843578
开始测试第6轮模型效果：
输入：阿根廷布宜诺斯艾利斯省奇尔梅斯市一服装店，8个月内被抢了三次。最后被抢劫的经历，更是直接让老板心理崩溃：歹徒在抢完不久后发现衣服[UNK]抢错了尺码[UNK]，理直气壮地拿着衣服到店里换，老板又不敢声张，只好忍气吞声。（中国新[CLS]阿根廷歹徒抢服装尺码不对拿回店里换[PAD][PAD]
输出：糯[UNK][UNK][UNK]业[UNK][UNK][UNK][UNK][UNK][UNK][UNK][UNK][UNK][UNK][UNK][UNK][UNK][PAD][PAD]
输入：就俄罗斯免费医疗话题，国家卫生计生委国际司司长任明辉表示，真正的免费医疗制度不存在。或由税收支持，或个人和企业支付的医疗保险社会保险解决。免费医疗国家的患者看病不花钱，费用在各种税收或缴纳的保险中体现了。（网图[CLS]卫生计生委国际司司长：真正的免费医疗不
输出：[PAD][UNK][UNK][UNK][UNK]##ことかてきます[UNK]瑙[UNK][UNK][UNK][SEP][UNK][SEP][UNK][UNK][UNK][UNK][UNK][UNK]
输入：6月合格境外机构投资者([UNK][UNK][UNK][UNK])加快入市步伐。据中登公司发布的2013年6月份统计月报显示，[UNK][UNK][UNK][UNK]基金6月份在沪深两市分别新增开户14、15个[UNK]股股票账户，这29个账户让[UNK][UNK][UNK][UNK]在沪深两市的总账户数达到46[CLS]6月[UNK][UNK][UNK][UNK]积极入市[UNK]新增开户29户[PAD]
输出：[PAD][UNK][UNK][UNK][UNK][UNK][UNK][UNK][UNK][UNK][UNK][UNK][UNK][UNK][UNK][UNK]0贴[UNK][PAD]
输入：路透社消息，一艘从利比亚横渡地中海开往意大利的偷渡船倾覆，约400人身亡。船上载有550多名偷渡客，许多是年轻人和儿童，大部分来自撒哈拉以南非洲地区。事发后意大利海防部队展开搜救，获救的150人被送往意大利南部[CLS]从利比亚开往意大利：400偷渡客沉船身
输出：daniel[UNK][UNK][UNK][UNK][UNK][UNK][UNK][UNK]堤0000[UNK][UNK][UNK][UNK][UNK][UNK]
=========
epoch 7 begin
第7轮平均loss:6.370499
开始测试第7轮模型效果：
输入：阿根廷布宜诺斯艾利斯省奇尔梅斯市一服装店，8个月内被抢了三次。最后被抢劫的经历，更是直接让老板心理崩溃：歹徒在抢完不久后发现衣服[UNK]抢错了尺码[UNK]，理直气壮地拿着衣服到店里换，老板又不敢声张，只好忍气吞声。（中国新[CLS]阿根廷歹徒抢服装尺码不对拿回店里换[PAD][PAD]
输出：[PAD][UNK][UNK]##撸[SEP][UNK][UNK][UNK][UNK][UNK]逵酥[UNK]臬[UNK][UNK][UNK][SEP][PAD][PAD]
输入：就俄罗斯免费医疗话题，国家卫生计生委国际司司长任明辉表示，真正的免费医疗制度不存在。或由税收支持，或个人和企业支付的医疗保险社会保险解决。免费医疗国家的患者看病不花钱，费用在各种税收或缴纳的保险中体现了。（网图[CLS]卫生计生委国际司司长：真正的免费医疗不
输出：[PAD][UNK][UNK][UNK][UNK][UNK][UNK][UNK][UNK][UNK][UNK]##這沣[SEP][UNK][UNK]##囚##栖[UNK][UNK]
输入：6月合格境外机构投资者([UNK][UNK][UNK][UNK])加快入市步伐。据中登公司发布的2013年6月份统计月报显示，[UNK][UNK][UNK][UNK]基金6月份在沪深两市分别新增开户14、15个[UNK]股股票账户，这29个账户让[UNK][UNK][UNK][UNK]在沪深两市的总账户数达到46[CLS]6月[UNK][UNK][UNK][UNK]积极入市[UNK]新增开户29户[PAD]
输出：[PAD]0[UNK][UNK][UNK][UNK][UNK][UNK][UNK][UNK][UNK][UNK][UNK][UNK][UNK][UNK]00[UNK][PAD]
输入：路透社消息，一艘从利比亚横渡地中海开往意大利的偷渡船倾覆，约400人身亡。船上载有550多名偷渡客，许多是年轻人和儿童，大部分来自撒哈拉以南非洲地区。事发后意大利海防部队展开搜救，获救的150人被送往意大利南部[CLS]从利比亚开往意大利：400偷渡客沉船身
输出：[PAD][UNK]##崂[SEP][UNK]人[UNK][UNK][UNK][UNK]000淹[UNK][UNK][UNK][UNK][UNK][SEP]
=========
epoch 8 begin
第8轮平均loss:5.919625
开始测试第8轮模型效果：
输入：阿根廷布宜诺斯艾利斯省奇尔梅斯市一服装店，8个月内被抢了三次。最后被抢劫的经历，更是直接让老板心理崩溃：歹徒在抢完不久后发现衣服[UNK]抢错了尺码[UNK]，理直气壮地拿着衣服到店里换，老板又不敢声张，只好忍气吞声。（中国新[CLS]阿根廷歹徒抢服装尺码不对拿回店里换[PAD][PAD]
输出：[PAD]国[UNK][UNK][SEP]xi[UNK][UNK][UNK][UNK]##镣##横[UNK][UNK][UNK][UNK][UNK][SEP][PAD][PAD]
输入：就俄罗斯免费医疗话题，国家卫生计生委国际司司长任明辉表示，真正的免费医疗制度不存在。或由税收支持，或个人和企业支付的医疗保险社会保险解决。免费医疗国家的患者看病不花钱，费用在各种税收或缴纳的保险中体现了。（网图[CLS]卫生计生委国际司司长：真正的免费医疗不
输出：[PAD][UNK][UNK][UNK][UNK][UNK]国[UNK][UNK][UNK]：[SEP][UNK][SEP][UNK][UNK][UNK][UNK][UNK][UNK]
输入：6月合格境外机构投资者([UNK][UNK][UNK][UNK])加快入市步伐。据中登公司发布的2013年6月份统计月报显示，[UNK][UNK][UNK][UNK]基金6月份在沪深两市分别新增开户14、15个[UNK]股股票账户，这29个账户让[UNK][UNK][UNK][UNK]在沪深两市的总账户数达到46[CLS]6月[UNK][UNK][UNK][UNK]积极入市[UNK]新增开户29户[PAD]
输出：[PAD][UNK][UNK]##餵[UNK][UNK][UNK]##费[UNK][UNK][UNK][UNK]比[UNK][UNK][UNK]00[UNK][PAD]
输入：路透社消息，一艘从利比亚横渡地中海开往意大利的偷渡船倾覆，约400人身亡。船上载有550多名偷渡客，许多是年轻人和儿童，大部分来自撒哈拉以南非洲地区。事发后意大利海防部队展开搜救，获救的150人被送往意大利南部[CLS]从利比亚开往意大利：400偷渡客沉船身
输出：[PAD]##orm[UNK][UNK][UNK]人[UNK]：[UNK][UNK]0000[UNK][UNK][UNK][UNK]拨[SEP]
=========
epoch 9 begin
第9轮平均loss:5.614554
开始测试第9轮模型效果：
输入：阿根廷布宜诺斯艾利斯省奇尔梅斯市一服装店，8个月内被抢了三次。最后被抢劫的经历，更是直接让老板心理崩溃：歹徒在抢完不久后发现衣服[UNK]抢错了尺码[UNK]，理直气壮地拿着衣服到店里换，老板又不敢声张，只好忍气吞声。（中国新[CLS]阿根廷歹徒抢服装尺码不对拿回店里换[PAD][PAD]
输出：[PAD]国[UNK][UNK]##拣[UNK][UNK][UNK][UNK][UNK][UNK]ヲ##仰[UNK][SEP][UNK][UNK][SEP][PAD][PAD]
输入：就俄罗斯免费医疗话题，国家卫生计生委国际司司长任明辉表示，真正的免费医疗制度不存在。或由税收支持，或个人和企业支付的医疗保险社会保险解决。免费医疗国家的患者看病不花钱，费用在各种税收或缴纳的保险中体现了。（网图[CLS]卫生计生委国际司司长：真正的免费医疗不
输出：[PAD]##唧[UNK]生[UNK][UNK]供[UNK][UNK][UNK]：[SEP][UNK][SEP][UNK][UNK][UNK][UNK][UNK][UNK]
输入：6月合格境外机构投资者([UNK][UNK][UNK][UNK])加快入市步伐。据中登公司发布的2013年6月份统计月报显示，[UNK][UNK][UNK][UNK]基金6月份在沪深两市分别新增开户14、15个[UNK]股股票账户，这29个账户让[UNK][UNK][UNK][UNK]在沪深两市的总账户数达到46[CLS]6月[UNK][UNK][UNK][UNK]积极入市[UNK]新增开户29户[PAD]
输出：[UNK][UNK][UNK][UNK][UNK][UNK][UNK][UNK][UNK]鹜[UNK][UNK][UNK][UNK]按[UNK]bbs0[SEP][PAD]
输入：路透社消息，一艘从利比亚横渡地中海开往意大利的偷渡船倾覆，约400人身亡。船上载有550多名偷渡客，许多是年轻人和儿童，大部分来自撒哈拉以南非洲地区。事发后意大利海防部队展开搜救，获救的150人被送往意大利南部[CLS]从利比亚开往意大利：400偷渡客沉船身
输出：[PAD][UNK]：[SEP][UNK]人[UNK]大：：0000[UNK]##硬[UNK][UNK]397[SEP]
=========
epoch 10 begin
第10轮平均loss:5.293803
开始测试第10轮模型效果：
输入：阿根廷布宜诺斯艾利斯省奇尔梅斯市一服装店，8个月内被抢了三次。最后被抢劫的经历，更是直接让老板心理崩溃：歹徒在抢完不久后发现衣服[UNK]抢错了尺码[UNK]，理直气壮地拿着衣服到店里换，老板又不敢声张，只好忍气吞声。（中国新[CLS]阿根廷歹徒抢服装尺码不对拿回店里换[PAD][PAD]
输出：[PAD]国[UNK][UNK][SEP][UNK][UNK][UNK][UNK][UNK][UNK][SEP][UNK]##媽[SEP][UNK][UNK][SEP][PAD][PAD]
输入：就俄罗斯免费医疗话题，国家卫生计生委国际司司长任明辉表示，真正的免费医疗制度不存在。或由税收支持，或个人和企业支付的医疗保险社会保险解决。免费医疗国家的患者看病不花钱，费用在各种税收或缴纳的保险中体现了。（网图[CLS]卫生计生委国际司司长：真正的免费医疗不
输出：[PAD]收##遞生[UNK][UNK]国##恤[UNK]∟：[SEP][UNK]的[UNK][UNK][UNK][UNK][UNK][UNK]
输入：6月合格境外机构投资者([UNK][UNK][UNK][UNK])加快入市步伐。据中登公司发布的2013年6月份统计月报显示，[UNK][UNK][UNK][UNK]基金6月份在沪深两市分别新增开户14、15个[UNK]股股票账户，这29个账户让[UNK][UNK][UNK][UNK]在沪深两市的总账户数达到46[CLS]6月[UNK][UNK][UNK][UNK]积极入市[UNK]新增开户29户[PAD]
输出：##钙blogfp[UNK][UNK][UNK][UNK][UNK][UNK][UNK][UNK][UNK][UNK][UNK]wma[UNK][UNK]00[SEP][PAD]
输入：路透社消息，一艘从利比亚横渡地中海开往意大利的偷渡船倾覆，约400人身亡。船上载有550多名偷渡客，许多是年轻人和儿童，大部分来自撒哈拉以南非洲地区。事发后意大利海防部队展开搜救，获救的150人被送往意大利南部[CLS]从利比亚开往意大利：400偷渡客沉船身
输出：[PAD][UNK]：开[UNK]人意大：：0000[UNK][UNK][UNK][UNK][UNK][SEP]
=========
epoch 11 begin
第11轮平均loss:4.896879
开始测试第11轮模型效果：
输入：阿根廷布宜诺斯艾利斯省奇尔梅斯市一服装店，8个月内被抢了三次。最后被抢劫的经历，更是直接让老板心理崩溃：歹徒在抢完不久后发现衣服[UNK]抢错了尺码[UNK]，理直气壮地拿着衣服到店里换，老板又不敢声张，只好忍气吞声。（中国新[CLS]阿根廷歹徒抢服装尺码不对拿回店里换[PAD][PAD]
输出：箭国人[UNK][UNK][UNK][UNK][UNK][UNK][UNK][UNK][UNK][UNK][UNK][SEP][UNK][UNK][SEP][PAD][PAD]
输入：就俄罗斯免费医疗话题，国家卫生计生委国际司司长任明辉表示，真正的免费医疗制度不存在。或由税收支持，或个人和企业支付的医疗保险社会保险解决。免费医疗国家的患者看病不花钱，费用在各种税收或缴纳的保险中体现了。（网图[CLS]卫生计生委国际司司长：真正的免费医疗不
输出：北生：生[UNK][UNK]国[UNK]：：：[SEP]国的[UNK]##茶[UNK][UNK][UNK][UNK]
输入：6月合格境外机构投资者([UNK][UNK][UNK][UNK])加快入市步伐。据中登公司发布的2013年6月份统计月报显示，[UNK][UNK][UNK][UNK]基金6月份在沪深两市分别新增开户14、15个[UNK]股股票账户，这29个账户让[UNK][UNK][UNK][UNK]在沪深两市的总账户数达到46[CLS]6月[UNK][UNK][UNK][UNK]积极入市[UNK]新增开户29户[PAD]
输出：[UNK][UNK][UNK][UNK][UNK][UNK][UNK][UNK][UNK][UNK][UNK][UNK][UNK][UNK][UNK][UNK]00正[PAD]
输入：路透社消息，一艘从利比亚横渡地中海开往意大利的偷渡船倾覆，约400人身亡。船上载有550多名偷渡客，许多是年轻人和儿童，大部分来自撒哈拉以南非洲地区。事发后意大利海防部队展开搜救，获救的150人被送往意大利南部[CLS]从利比亚开往意大利：400偷渡客沉船身
输出：[PAD]利：开开人意大：：0⑴00[UNK][UNK]愣tf[UNK][SEP]
=========
epoch 12 begin
第12轮平均loss:4.602279
开始测试第12轮模型效果：
输入：阿根廷布宜诺斯艾利斯省奇尔梅斯市一服装店，8个月内被抢了三次。最后被抢劫的经历，更是直接让老板心理崩溃：歹徒在抢完不久后发现衣服[UNK]抢错了尺码[UNK]，理直气壮地拿着衣服到店里换，老板又不敢声张，只好忍气吞声。（中国新[CLS]阿根廷歹徒抢服装尺码不对拿回店里换[PAD][PAD]
输出：[PAD]##呼人：[SEP][UNK][SEP][UNK][UNK][UNK][UNK][SEP][UNK]london[SEP][UNK][UNK][SEP][PAD][PAD]
输入：就俄罗斯免费医疗话题，国家卫生计生委国际司司长任明辉表示，真正的免费医疗制度不存在。或由税收支持，或个人和企业支付的医疗保险社会保险解决。免费医疗国家的患者看病不花钱，费用在各种税收或缴纳的保险中体现了。（网图[CLS]卫生计生委国际司司长：真正的免费医疗不
输出：北生：生##_国国：长：：[SEP]国的[UNK]生情[UNK][UNK]存
输入：6月合格境外机构投资者([UNK][UNK][UNK][UNK])加快入市步伐。据中登公司发布的2013年6月份统计月报显示，[UNK][UNK][UNK][UNK]基金6月份在沪深两市分别新增开户14、15个[UNK]股股票账户，这29个账户让[UNK][UNK][UNK][UNK]在沪深两市的总账户数达到46[CLS]6月[UNK][UNK][UNK][UNK]积极入市[UNK]新增开户29户[PAD]
输出：[UNK][UNK][UNK][UNK][UNK][UNK][UNK][UNK][UNK][UNK][UNK][UNK][UNK][UNK][UNK]##イン00[SEP][PAD]
输入：路透社消息，一艘从利比亚横渡地中海开往意大利的偷渡船倾覆，约400人身亡。船上载有550多名偷渡客，许多是年轻人和儿童，大部分来自撒哈拉以南非洲地区。事发后意大利海防部队展开搜救，获救的150人被送往意大利南部[CLS]从利比亚开往意大利：400偷渡客沉船身
输出：[PAD]旅：自开人意大：：0000[UNK][UNK][UNK][UNK][UNK][SEP]
=========
epoch 13 begin
第13轮平均loss:4.276656
开始测试第13轮模型效果：
输入：阿根廷布宜诺斯艾利斯省奇尔梅斯市一服装店，8个月内被抢了三次。最后被抢劫的经历，更是直接让老板心理崩溃：歹徒在抢完不久后发现衣服[UNK]抢错了尺码[UNK]，理直气壮地拿着衣服到店里换，老板又不敢声张，只好忍气吞声。（中国新[CLS]阿根廷歹徒抢服装尺码不对拿回店里换[PAD][PAD]
输出：[PAD]国人ads[SEP][UNK][SEP][UNK][UNK][UNK]病[SEP][UNK][SEP]##さん[UNK][UNK][SEP][PAD][PAD]
输入：就俄罗斯免费医疗话题，国家卫生计生委国际司司长任明辉表示，真正的免费医疗制度不存在。或由税收支持，或个人和企业支付的医疗保险社会保险解决。免费医疗国家的患者看病不花钱，费用在各种税收或缴纳的保险中体现了。（网图[CLS]卫生计生委国际司司长：真正的免费医疗不
输出：北生：生[UNK]##س国：长：##漫[SEP]的的驚生版生健存
输入：6月合格境外机构投资者([UNK][UNK][UNK][UNK])加快入市步伐。据中登公司发布的2013年6月份统计月报显示，[UNK][UNK][UNK][UNK]基金6月份在沪深两市分别新增开户14、15个[UNK]股股票账户，这29个账户让[UNK][UNK][UNK][UNK]在沪深两市的总账户数达到46[CLS]6月[UNK][UNK][UNK][UNK]积极入市[UNK]新增开户29户[PAD]
输出：[UNK]月[UNK][UNK][UNK][UNK][UNK][UNK][UNK]##瑕[UNK][UNK][UNK][UNK]櫃[SEP]00[SEP][PAD]
输入：路透社消息，一艘从利比亚横渡地中海开往意大利的偷渡船倾覆，约400人身亡。船上载有550多名偷渡客，许多是年轻人和儿童，大部分来自撒哈拉以南非洲地区。事发后意大利海防部队展开搜救，获救的150人被送往意大利南部[CLS]从利比亚开往意大利：400偷渡客沉船身
输出：北利嫌开开人意大：：0000[UNK][UNK][UNK][UNK][UNK][SEP]
=========
epoch 14 begin
第14轮平均loss:3.917958
开始测试第14轮模型效果：
输入：阿根廷布宜诺斯艾利斯省奇尔梅斯市一服装店，8个月内被抢了三次。最后被抢劫的经历，更是直接让老板心理崩溃：歹徒在抢完不久后发现衣服[UNK]抢错了尺码[UNK]，理直气壮地拿着衣服到店里换，老板又不敢声张，只好忍气吞声。（中国新[CLS]阿根廷歹徒抢服装尺码不对拿回店里换[PAD][PAD]
输出：[PAD]国人：[SEP][UNK][SEP]人[UNK][UNK][UNK][SEP][UNK]回[SEP][UNK][UNK]依[PAD][PAD]
输入：就俄罗斯免费医疗话题，国家卫生计生委国际司司长任明辉表示，真正的免费医疗制度不存在。或由税收支持，或个人和企业支付的医疗保险社会保险解决。免费医疗国家的患者看病不花钱，费用在各种税收或缴纳的保险中体现了。（网图[CLS]卫生计生委国际司司长：真正的免费医疗不
输出：北生雰生：国国：长长：：的的[UNK]生ᅡ生[UNK]存
输入：6月合格境外机构投资者([UNK][UNK][UNK][UNK])加快入市步伐。据中登公司发布的2013年6月份统计月报显示，[UNK][UNK][UNK][UNK]基金6月份在沪深两市分别新增开户14、15个[UNK]股股票账户，这29个账户让[UNK][UNK][UNK][UNK]在沪深两市的总账户数达到46[CLS]6月[UNK][UNK][UNK][UNK]积极入市[UNK]新增开户29户[PAD]
输出：[UNK]月[UNK][UNK][UNK][UNK][UNK][UNK][UNK][UNK][UNK][UNK][UNK][UNK][UNK][SEP]00[SEP][PAD]
输入：路透社消息，一艘从利比亚横渡地中海开往意大利的偷渡船倾覆，约400人身亡。船上载有550多名偷渡客，许多是年轻人和儿童，大部分来自撒哈拉以南非洲地区。事发后意大利海防部队展开搜救，获救的150人被送往意大利南部[CLS]从利比亚开往意大利：400偷渡客沉船身
输出：北利：开开人意大：：4000[UNK][UNK]籁[UNK][UNK][SEP]
=========
epoch 15 begin
第15轮平均loss:3.665137
开始测试第15轮模型效果：
输入：阿根廷布宜诺斯艾利斯省奇尔梅斯市一服装店，8个月内被抢了三次。最后被抢劫的经历，更是直接让老板心理崩溃：歹徒在抢完不久后发现衣服[UNK]抢错了尺码[UNK]，理直气壮地拿着衣服到店里换，老板又不敢声张，只好忍气吞声。（中国新[CLS]阿根廷歹徒抢服装尺码不对拿回店里换[PAD][PAD]
输出：[PAD]国##轨：[SEP]：[SEP]中[UNK][UNK]020[SEP][UNK]回[SEP][UNK][UNK][SEP][PAD][PAD]
输入：就俄罗斯免费医疗话题，国家卫生计生委国际司司长任明辉表示，真正的免费医疗制度不存在。或由税收支持，或个人和企业支付的医疗保险社会保险解决。免费医疗国家的患者看病不花钱，费用在各种税收或缴纳的保险中体现了。（网图[CLS]卫生计生委国际司司长：真正的免费医疗不
输出：情生：生：国ㄏ：长长：国的的[UNK]生[UNK]生[UNK]存
输入：6月合格境外机构投资者([UNK][UNK][UNK][UNK])加快入市步伐。据中登公司发布的2013年6月份统计月报显示，[UNK][UNK][UNK][UNK]基金6月份在沪深两市分别新增开户14、15个[UNK]股股票账户，这29个账户让[UNK][UNK][UNK][UNK]在沪深两市的总账户数达到46[CLS]6月[UNK][UNK][UNK][UNK]积极入市[UNK]新增开户29户[PAD]
输出：[UNK]月[UNK][UNK][UNK][UNK][UNK][UNK][UNK][UNK][UNK][UNK][UNK][UNK][UNK][SEP]00[SEP][PAD]
输入：路透社消息，一艘从利比亚横渡地中海开往意大利的偷渡船倾覆，约400人身亡。船上载有550多名偷渡客，许多是年轻人和儿童，大部分来自撒哈拉以南非洲地区。事发后意大利海防部队展开搜救，获救的150人被送往意大利南部[CLS]从利比亚开往意大利：400偷渡客沉船身
输出：喂利：开开人意大：：4000渡[UNK]沉[UNK]##魍亡
=========
epoch 16 begin
第16轮平均loss:3.415305
开始测试第16轮模型效果：
输入：阿根廷布宜诺斯艾利斯省奇尔梅斯市一服装店，8个月内被抢了三次。最后被抢劫的经历，更是直接让老板心理崩溃：歹徒在抢完不久后发现衣服[UNK]抢错了尺码[UNK]，理直气壮地拿着衣服到店里换，老板又不敢声张，只好忍气吞声。（中国新[CLS]阿根廷歹徒抢服装尺码不对拿回店里换[PAD][PAD]
输出：[PAD]学生：弹：[SEP]@[UNK]人[UNK][SEP][UNK]回[SEP][UNK][UNK][SEP][PAD][PAD]
输入：就俄罗斯免费医疗话题，国家卫生计生委国际司司长任明辉表示，真正的免费医疗制度不存在。或由税收支持，或个人和企业支付的医疗保险社会保险解决。免费医疗国家的患者看病不花钱，费用在各种税收或缴纳的保险中体现了。（网图[CLS]卫生计生委国际司司长：真正的免费医疗不
输出：北生：生：国国：长长：国的的[UNK]生医生[UNK]存
输入：6月合格境外机构投资者([UNK][UNK][UNK][UNK])加快入市步伐。据中登公司发布的2013年6月份统计月报显示，[UNK][UNK][UNK][UNK]基金6月份在沪深两市分别新增开户14、15个[UNK]股股票账户，这29个账户让[UNK][UNK][UNK][UNK]在沪深两市的总账户数达到46[CLS]6月[UNK][UNK][UNK][UNK]积极入市[UNK]新增开户29户[PAD]
输出：[UNK]月[UNK][UNK][UNK][UNK][UNK][UNK][UNK]忠岛[UNK]馆开[UNK][SEP]00[SEP][PAD]
输入：路透社消息，一艘从利比亚横渡地中海开往意大利的偷渡船倾覆，约400人身亡。船上载有550多名偷渡客，许多是年轻人和儿童，大部分来自撒哈拉以南非洲地区。事发后意大利海防部队展开搜救，获救的150人被送往意大利南部[CLS]从利比亚开往意大利：400偷渡客沉船身
输出：北利：亚驶人意大：货冰000渡[UNK]沉[UNK]身亡
=========
epoch 17 begin
第17轮平均loss:3.136898
开始测试第17轮模型效果：
输入：阿根廷布宜诺斯艾利斯省奇尔梅斯市一服装店，8个月内被抢了三次。最后被抢劫的经历，更是直接让老板心理崩溃：歹徒在抢完不久后发现衣服[UNK]抢错了尺码[UNK]，理直气壮地拿着衣服到店里换，老板又不敢声张，只好忍气吞声。（中国新[CLS]阿根廷歹徒抢服装尺码不对拿回店里换[PAD][PAD]
输出：[PAD]学生：[SEP][UNK][SEP]装[UNK]人[UNK][SEP][UNK]##镖厨[UNK][UNK][SEP][PAD][PAD]
输入：就俄罗斯免费医疗话题，国家卫生计生委国际司司长任明辉表示，真正的免费医疗制度不存在。或由税收支持，或个人和企业支付的医疗保险社会保险解决。免费医疗国家的患者看病不花钱，费用在各种税收或缴纳的保险中体现了。（网图[CLS]卫生计生委国际司司长：真正的免费医疗不
输出：北生：语：国国司长砣：国的的[UNK]生医生[UNK]不
输入：6月合格境外机构投资者([UNK][UNK][UNK][UNK])加快入市步伐。据中登公司发布的2013年6月份统计月报显示，[UNK][UNK][UNK][UNK]基金6月份在沪深两市分别新增开户14、15个[UNK]股股票账户，这29个账户让[UNK][UNK][UNK][UNK]在沪深两市的总账户数达到46[CLS]6月[UNK][UNK][UNK][UNK]积极入市[UNK]新增开户29户[PAD]
输出：[UNK]月[UNK][UNK][UNK][UNK][UNK][UNK]入[UNK][UNK][UNK][UNK]开[UNK][SEP]00[SEP][PAD]
输入：路透社消息，一艘从利比亚横渡地中海开往意大利的偷渡船倾覆，约400人身亡。船上载有550多名偷渡客，许多是年轻人和儿童，大部分来自撒哈拉以南非洲地区。事发后意大利海防部队展开搜救，获救的150人被送往意大利南部[CLS]从利比亚开往意大利：400偷渡客沉船身
输出：北利：亚开人意大利：4000渡客沉[UNK]身亡
=========
epoch 18 begin
第18轮平均loss:2.844802
开始测试第18轮模型效果：
输入：阿根廷布宜诺斯艾利斯省奇尔梅斯市一服装店，8个月内被抢了三次。最后被抢劫的经历，更是直接让老板心理崩溃：歹徒在抢完不久后发现衣服[UNK]抢错了尺码[UNK]，理直气壮地拿着衣服到店里换，老板又不敢声张，只好忍气吞声。（中国新[CLS]阿根廷歹徒抢服装尺码不对拿回店里换[PAD][PAD]
输出：[PAD]学6g歹人人[SEP]装[UNK]人不对罪回店[UNK][SEP][SEP][PAD][PAD]
输入：就俄罗斯免费医疗话题，国家卫生计生委国际司司长任明辉表示，真正的免费医疗制度不存在。或由税收支持，或个人和企业支付的医疗保险社会保险解决。免费医疗国家的患者看病不花钱，费用在各种税收或缴纳的保险中体现了。（网图[CLS]卫生计生委国际司司长：真正的免费医疗不
输出：北8：用：国际司长长：国的的的生医疗[UNK]存
输入：6月合格境外机构投资者([UNK][UNK][UNK][UNK])加快入市步伐。据中登公司发布的2013年6月份统计月报显示，[UNK][UNK][UNK][UNK]基金6月份在沪深两市分别新增开户14、15个[UNK]股股票账户，这29个账户让[UNK][UNK][UNK][UNK]在沪深两市的总账户数达到46[CLS]6月[UNK][UNK][UNK][UNK]积极入市[UNK]新增开户29户[PAD]
输出：[UNK]月[UNK][UNK][UNK][UNK][UNK][UNK]入市[UNK][UNK][UNK]开户[SEP]0月[SEP][PAD]
输入：路透社消息，一艘从利比亚横渡地中海开往意大利的偷渡船倾覆，约400人身亡。船上载有550多名偷渡客，许多是年轻人和儿童，大部分来自撒哈拉以南非洲地区。事发后意大利海防部队展开搜救，获救的150人被送往意大利南部[CLS]从利比亚开往意大利：400偷渡客沉船身
输出：北人：null开人意大利：400黍渡客沉船身亡
=========
epoch 19 begin
第19轮平均loss:2.586172
开始测试第19轮模型效果：
输入：阿根廷布宜诺斯艾利斯省奇尔梅斯市一服装店，8个月内被抢了三次。最后被抢劫的经历，更是直接让老板心理崩溃：歹徒在抢完不久后发现衣服[UNK]抢错了尺码[UNK]，理直气壮地拿着衣服到店里换，老板又不敢声张，只好忍气吞声。（中国新[CLS]阿根廷歹徒抢服装尺码不对拿回店里换[PAD][PAD]
输出：[PAD]学廷歹徒抢服装[UNK]码不对拿回店[UNK]换[SEP][PAD][PAD]
输入：就俄罗斯免费医疗话题，国家卫生计生委国际司司长任明辉表示，真正的免费医疗制度不存在。或由税收支持，或个人和企业支付的医疗保险社会保险解决。免费医疗国家的患者看病不花钱，费用在各种税收或缴纳的保险中体现了。（网图[CLS]卫生计生委国际司司长：真正的免费医疗不
输出：北生##tb生：国1900司长长：国的的的生医疗[UNK]民
输入：6月合格境外机构投资者([UNK][UNK][UNK][UNK])加快入市步伐。据中登公司发布的2013年6月份统计月报显示，[UNK][UNK][UNK][UNK]基金6月份在沪深两市分别新增开户14、15个[UNK]股股票账户，这29个账户让[UNK][UNK][UNK][UNK]在沪深两市的总账户数达到46[CLS]6月[UNK][UNK][UNK][UNK]积极入市[UNK]新增开户29户[PAD]
输出：[UNK]月[UNK][UNK][UNK][UNK][UNK][UNK]入市[UNK][UNK][UNK]开户[SEP]0月[SEP][PAD]
输入：路透社消息，一艘从利比亚横渡地中海开往意大利的偷渡船倾覆，约400人身亡。船上载有550多名偷渡客，许多是年轻人和儿童，大部分来自撒哈拉以南非洲地区。事发后意大利海防部队展开搜救，获救的150人被送往意大利南部[CLS]从利比亚开往意大利：400偷渡客沉船身
输出：北利：亚开往意大利：翔000渡客沉船身##崆
=========
epoch 20 begin
第20轮平均loss:2.413992
开始测试第20轮模型效果：
输入：阿根廷布宜诺斯艾利斯省奇尔梅斯市一服装店，8个月内被抢了三次。最后被抢劫的经历，更是直接让老板心理崩溃：歹徒在抢完不久后发现衣服[UNK]抢错了尺码[UNK]，理直气壮地拿着衣服到店里换，老板又不敢声张，只好忍气吞声。（中国新[CLS]阿根廷歹徒抢服装尺码不对拿回店里换[PAD][PAD]
输出：[PAD]学廷歹徒抢服装尺码不对拿回店里换[SEP][PAD][PAD]
输入：就俄罗斯免费医疗话题，国家卫生计生委国际司司长任明辉表示，真正的免费医疗制度不存在。或由税收支持，或个人和企业支付的医疗保险社会保险解决。免费医疗国家的患者看病不花钱，费用在各种税收或缴纳的保险中体现了。（网图[CLS]卫生计生委国际司司长：真正的免费医疗不
输出：北生：生：国际司长长：国正的免生医疗鼾存
输入：6月合格境外机构投资者([UNK][UNK][UNK][UNK])加快入市步伐。据中登公司发布的2013年6月份统计月报显示，[UNK][UNK][UNK][UNK]基金6月份在沪深两市分别新增开户14、15个[UNK]股股票账户，这29个账户让[UNK][UNK][UNK][UNK]在沪深两市的总账户数达到46[CLS]6月[UNK][UNK][UNK][UNK]积极入市[UNK]新增开户29户[PAD]
输出：[UNK]月[UNK][UNK][UNK][UNK][UNK][UNK]入市[UNK][UNK][UNK]开户[SEP]0材[SEP][PAD]
输入：路透社消息，一艘从利比亚横渡地中海开往意大利的偷渡船倾覆，约400人身亡。船上载有550多名偷渡客，许多是年轻人和儿童，大部分来自撒哈拉以南非洲地区。事发后意大利海防部队展开搜救，获救的150人被送往意大利南部[CLS]从利比亚开往意大利：400偷渡客沉船身
输出：北利：亚坍往意##浒利：4000渡客沉船身亡
=========
epoch 21 begin
第21轮平均loss:2.163668
开始测试第21轮模型效果：
输入：阿根廷布宜诺斯艾利斯省奇尔梅斯市一服装店，8个月内被抢了三次。最后被抢劫的经历，更是直接让老板心理崩溃：歹徒在抢完不久后发现衣服[UNK]抢错了尺码[UNK]，理直气壮地拿着衣服到店里换，老板又不敢声张，只好忍气吞声。（中国新[CLS]阿根廷歹徒抢服装尺码不对拿回店里换[PAD][PAD]
输出：[PAD]根饰歹徒抢服装尺码不对拿回咬里萩[SEP][PAD][PAD]
输入：就俄罗斯免费医疗话题，国家卫生计生委国际司司长任明辉表示，真正的免费医疗制度不存在。或由税收支持，或个人和企业支付的医疗保险社会保险解决。免费医疗国家的患者看病不花钱，费用在各种税收或缴纳的保险中体现了。（网图[CLS]卫生计生委国际司司长：真正的免费医疗不
输出：北生：生：国际司长长：国##森的免生医疗不族
输入：6月合格境外机构投资者([UNK][UNK][UNK][UNK])加快入市步伐。据中登公司发布的2013年6月份统计月报显示，[UNK][UNK][UNK][UNK]基金6月份在沪深两市分别新增开户14、15个[UNK]股股票账户，这29个账户让[UNK][UNK][UNK][UNK]在沪深两市的总账户数达到46[CLS]6月[UNK][UNK][UNK][UNK]积极入市[UNK]新增开户29户[PAD]
输出：6月[UNK][UNK][UNK][UNK][UNK]入入新际[UNK]增开户[SEP]0##χ[SEP][PAD]
输入：路透社消息，一艘从利比亚横渡地中海开往意大利的偷渡船倾覆，约400人身亡。船上载有550多名偷渡客，许多是年轻人和儿童，大部分来自撒哈拉以南非洲地区。事发后意大利海防部队展开搜救，获救的150人被送往意大利南部[CLS]从利比亚开往意大利：400偷渡客沉船身
输出：想利：亚开往意大利：4000渡客沉船身亡
=========
epoch 22 begin
第22轮平均loss:1.943264
开始测试第22轮模型效果：
输入：阿根廷布宜诺斯艾利斯省奇尔梅斯市一服装店，8个月内被抢了三次。最后被抢劫的经历，更是直接让老板心理崩溃：歹徒在抢完不久后发现衣服[UNK]抢错了尺码[UNK]，理直气壮地拿着衣服到店里换，老板又不敢声张，只好忍气吞声。（中国新[CLS]阿根廷歹徒抢服装尺码不对拿回店里换[PAD][PAD]
输出：[PAD]根廷歹徒橱服装尺码不对坍回店里换[SEP][PAD][PAD]
输入：就俄罗斯免费医疗话题，国家卫生计生委国际司司长任明辉表示，真正的免费医疗制度不存在。或由税收支持，或个人和企业支付的医疗保险社会保险解决。免费医疗国家的患者看病不花钱，费用在各种税收或缴纳的保险中体现了。（网图[CLS]卫生计生委国际司司长：真正的免费医疗不
输出：北生：咲：国际司长长：国正的免生医疗不存
输入：6月合格境外机构投资者([UNK][UNK][UNK][UNK])加快入市步伐。据中登公司发布的2013年6月份统计月报显示，[UNK][UNK][UNK][UNK]基金6月份在沪深两市分别新增开户14、15个[UNK]股股票账户，这29个账户让[UNK][UNK][UNK][UNK]在沪深两市的总账户数达到46[CLS]6月[UNK][UNK][UNK][UNK]积极入市[UNK]新增开户29户[PAD]
输出：[UNK]月[UNK][UNK][UNK][UNK][UNK][UNK]入市[UNK][UNK]疗开户20月[SEP][PAD]
输入：路透社消息，一艘从利比亚横渡地中海开往意大利的偷渡船倾覆，约400人身亡。船上载有550多名偷渡客，许多是年轻人和儿童，大部分来自撒哈拉以南非洲地区。事发后意大利海防部队展开搜救，获救的150人被送往意大利南部[CLS]从利比亚开往意大利：400偷渡客沉船身
输出：从利：亚开往意大利：400##note渡客沉船身##湾
=========
epoch 23 begin
第23轮平均loss:1.733564
开始测试第23轮模型效果：
输入：阿根廷布宜诺斯艾利斯省奇尔梅斯市一服装店，8个月内被抢了三次。最后被抢劫的经历，更是直接让老板心理崩溃：歹徒在抢完不久后发现衣服[UNK]抢错了尺码[UNK]，理直气壮地拿着衣服到店里换，老板又不敢声张，只好忍气吞声。（中国新[CLS]阿根廷歹徒抢服装尺码不对拿回店里换[PAD][PAD]
输出：[PAD]根廷歹徒抢服装尺码不对拿回家里换[SEP][PAD][PAD]
输入：就俄罗斯免费医疗话题，国家卫生计生委国际司司长任明辉表示，真正的免费医疗制度不存在。或由税收支持，或个人和企业支付的医疗保险社会保险解决。免费医疗国家的患者看病不花钱，费用在各种税收或缴纳的保险中体现了。（网图[CLS]卫生计生委国际司司长：真正的免费医疗不
输出：北生：生：国际司长长：国正的免生医疗不存
输入：6月合格境外机构投资者([UNK][UNK][UNK][UNK])加快入市步伐。据中登公司发布的2013年6月份统计月报显示，[UNK][UNK][UNK][UNK]基金6月份在沪深两市分别新增开户14、15个[UNK]股股票账户，这29个账户让[UNK][UNK][UNK][UNK]在沪深两市的总账户数达到46[CLS]6月[UNK][UNK][UNK][UNK]积极入市[UNK]新增开户29户[PAD]
输出：6月[UNK][UNK][UNK][UNK][UNK]摞界市[UNK]新增开户[SEP]0月[SEP][PAD]
输入：路透社消息，一艘从利比亚横渡地中海开往意大利的偷渡船倾覆，约400人身亡。船上载有550多名偷渡客，许多是年轻人和儿童，大部分来自撒哈拉以南非洲地区。事发后意大利海防部队展开搜救，获救的150人被送往意大利南部[CLS]从利比亚开往意大利：400偷渡客沉船身
输出：从利：亚开往意大利：4000渡客沉船身亡
=========
epoch 24 begin
第24轮平均loss:1.602923
开始测试第24轮模型效果：
输入：阿根廷布宜诺斯艾利斯省奇尔梅斯市一服装店，8个月内被抢了三次。最后被抢劫的经历，更是直接让老板心理崩溃：歹徒在抢完不久后发现衣服[UNK]抢错了尺码[UNK]，理直气壮地拿着衣服到店里换，老板又不敢声张，只好忍气吞声。（中国新[CLS]阿根廷歹徒抢服装尺码不对拿回店里换[PAD][PAD]
输出：[PAD]oracle廷歹徒抢服装尺码不对拿回店里换[SEP][PAD][PAD]
输入：就俄罗斯免费医疗话题，国家卫生计生委国际司司长任明辉表示，真正的免费医疗制度不存在。或由税收支持，或个人和企业支付的医疗保险社会保险解决。免费医疗国家的患者看病不花钱，费用在各种税收或缴纳的保险中体现了。（网图[CLS]卫生计生委国际司司长：真正的免费医疗不
输出：北生：生：国际司长长：国quick的免3医疗不存
输入：6月合格境外机构投资者([UNK][UNK][UNK][UNK])加快入市步伐。据中登公司发布的2013年6月份统计月报显示，[UNK][UNK][UNK][UNK]基金6月份在沪深两市分别新增开户14、15个[UNK]股股票账户，这29个账户让[UNK][UNK][UNK][UNK]在沪深两市的总账户数达到46[CLS]6月[UNK][UNK][UNK][UNK]积极入市[UNK]新增开户29户[PAD]
输出：6月[UNK][UNK][UNK][UNK][UNK]极入市[UNK][UNK]增开户20家淇[PAD]
输入：路透社消息，一艘从利比亚横渡地中海开往意大利的偷渡船倾覆，约400人身亡。船上载有550多名偷渡客，许多是年轻人和儿童，大部分来自撒哈拉以南非洲地区。事发后意大利海防部队展开搜救，获救的150人被送往意大利南部[CLS]从利比亚开往意大利：400偷渡客沉船身
输出：从利：亚开往意大利：4000农客沉船身亡
=========
epoch 25 begin
第25轮平均loss:1.408197
开始测试第25轮模型效果：
输入：阿根廷布宜诺斯艾利斯省奇尔梅斯市一服装店，8个月内被抢了三次。最后被抢劫的经历，更是直接让老板心理崩溃：歹徒在抢完不久后发现衣服[UNK]抢错了尺码[UNK]，理直气壮地拿着衣服到店里换，老板又不敢声张，只好忍气吞声。（中国新[CLS]阿根廷歹徒抢服装尺码不对拿回店里换[PAD][PAD]
输出：[PAD]根廷歹徒抢服装尺码不对拿回路过换[SEP][PAD][PAD]
输入：就俄罗斯免费医疗话题，国家卫生计生委国际司司长任明辉表示，真正的免费医疗制度不存在。或由税收支持，或个人和企业支付的医疗保险社会保险解决。免费医疗国家的患者看病不花钱，费用在各种税收或缴纳的保险中体现了。（网图[CLS]卫生计生委国际司司长：真正的免费医疗不
输出：北生：生：国际司长长：真正的免费医疗不存
输入：6月合格境外机构投资者([UNK][UNK][UNK][UNK])加快入市步伐。据中登公司发布的2013年6月份统计月报显示，[UNK][UNK][UNK][UNK]基金6月份在沪深两市分别新增开户14、15个[UNK]股股票账户，这29个账户让[UNK][UNK][UNK][UNK]在沪深两市的总账户数达到46[CLS]6月[UNK][UNK][UNK][UNK]积极入市[UNK]新增开户29户[PAD]
输出：65a[UNK][UNK][UNK][UNK][UNK]入入款[UNK]新增开户20户[SEP][PAD]
输入：路透社消息，一艘从利比亚横渡地中海开往意大利的偷渡船倾覆，约400人身亡。船上载有550多名偷渡客，许多是年轻人和儿童，大部分来自撒哈拉以南非洲地区。事发后意大利海防部队展开搜救，获救的150人被送往意大利南部[CLS]从利比亚开往意大利：400偷渡客沉船身
输出：从利：亚开往意大利：4泡0偷渡客沉船身亡
=========
epoch 26 begin
第26轮平均loss:1.263800
开始测试第26轮模型效果：
输入：阿根廷布宜诺斯艾利斯省奇尔梅斯市一服装店，8个月内被抢了三次。最后被抢劫的经历，更是直接让老板心理崩溃：歹徒在抢完不久后发现衣服[UNK]抢错了尺码[UNK]，理直气壮地拿着衣服到店里换，老板又不敢声张，只好忍气吞声。（中国新[CLS]阿根廷歹徒抢服装尺码不对拿回店里换[PAD][PAD]
输出：[PAD]根廷歹徒抢服装尺码不对拿回店里换[SEP][PAD][PAD]
输入：就俄罗斯免费医疗话题，国家卫生计生委国际司司长任明辉表示，真正的免费医疗制度不存在。或由税收支持，或个人和企业支付的医疗保险社会保险解决。免费医疗国家的患者看病不花钱，费用在各种税收或缴纳的保险中体现了。（网图[CLS]卫生计生委国际司司长：真正的免费医疗不
输出：北生产生：国际司长长：美正的免费医疗不存
输入：6月合格境外机构投资者([UNK][UNK][UNK][UNK])加快入市步伐。据中登公司发布的2013年6月份统计月报显示，[UNK][UNK][UNK][UNK]基金6月份在沪深两市分别新增开户14、15个[UNK]股股票账户，这29个账户让[UNK][UNK][UNK][UNK]在沪深两市的总账户数达到46[CLS]6月[UNK][UNK][UNK][UNK]积极入市[UNK]新增开户29户[PAD]
输出：6月[UNK][UNK][UNK][UNK][UNK]坐入市[UNK]新增开户20户[SEP][PAD]
输入：路透社消息，一艘从利比亚横渡地中海开往意大利的偷渡船倾覆，约400人身亡。船上载有550多名偷渡客，许多是年轻人和儿童，大部分来自撒哈拉以南非洲地区。事发后意大利海防部队展开搜救，获救的150人被送往意大利南部[CLS]从利比亚开往意大利：400偷渡客沉船身
输出：从利：亚##櫥##匝意大利：400偷渡客沉船身亡
=========
epoch 27 begin
第27轮平均loss:1.121220
开始测试第27轮模型效果：
输入：阿根廷布宜诺斯艾利斯省奇尔梅斯市一服装店，8个月内被抢了三次。最后被抢劫的经历，更是直接让老板心理崩溃：歹徒在抢完不久后发现衣服[UNK]抢错了尺码[UNK]，理直气壮地拿着衣服到店里换，老板又不敢声张，只好忍气吞声。（中国新[CLS]阿根廷歹徒抢服装尺码不对拿回店里换[PAD][PAD]
输出：[PAD]根廷歹徒抢服装尺码不对拿回店里换[SEP][PAD][PAD]
输入：就俄罗斯免费医疗话题，国家卫生计生委国际司司长任明辉表示，真正的免费医疗制度不存在。或由税收支持，或个人和企业支付的医疗保险社会保险解决。免费医疗国家的患者看病不花钱，费用在各种税收或缴纳的保险中体现了。（网图[CLS]卫生计生委国际司司长：真正的免费医疗不
输出：卫生：生：国际司长长律真正的免费##kit疗不存
输入：6月合格境外机构投资者([UNK][UNK][UNK][UNK])加快入市步伐。据中登公司发布的2013年6月份统计月报显示，[UNK][UNK][UNK][UNK]基金6月份在沪深两市分别新增开户14、15个[UNK]股股票账户，这29个账户让[UNK][UNK][UNK][UNK]在沪深两市的总账户数达到46[CLS]6月[UNK][UNK][UNK][UNK]积极入市[UNK]新增开户29户[PAD]
输出：6月[UNK][UNK][UNK][UNK][UNK]极入市[UNK]新增开拟20户[SEP][PAD]
输入：路透社消息，一艘从利比亚横渡地中海开往意大利的偷渡船倾覆，约400人身亡。船上载有550多名偷渡客，许多是年轻人和儿童，大部分来自撒哈拉以南非洲地区。事发后意大利海防部队展开搜救，获救的150人被送往意大利南部[CLS]从利比亚开往意大利：400偷渡客沉船身
输出：从利：亚开往意大利：400标渡客沉船身亡
=========
epoch 28 begin
第28轮平均loss:0.955873
开始测试第28轮模型效果：
输入：阿根廷布宜诺斯艾利斯省奇尔梅斯市一服装店，8个月内被抢了三次。最后被抢劫的经历，更是直接让老板心理崩溃：歹徒在抢完不久后发现衣服[UNK]抢错了尺码[UNK]，理直气壮地拿着衣服到店里换，老板又不敢声张，只好忍气吞声。（中国新[CLS]阿根廷歹徒抢服装尺码不对拿回店里换[PAD][PAD]
输出：阿根廷歹阆抢服装态码不对拿回店里换[SEP][PAD][PAD]
输入：就俄罗斯免费医疗话题，国家卫生计生委国际司司长任明辉表示，真正的免费医疗制度不存在。或由税收支持，或个人和企业支付的医疗保险社会保险解决。免费医疗国家的患者看病不花钱，费用在各种税收或缴纳的保险中体现了。（网图[CLS]卫生计生委国际司司长：真正的免费医疗不
输出：卫生计生委国际司长长：真正的免费医疗不存
输入：6月合格境外机构投资者([UNK][UNK][UNK][UNK])加快入市步伐。据中登公司发布的2013年6月份统计月报显示，[UNK][UNK][UNK][UNK]基金6月份在沪深两市分别新增开户14、15个[UNK]股股票账户，这29个账户让[UNK][UNK][UNK][UNK]在沪深两市的总账户数达到46[CLS]6月[UNK][UNK][UNK][UNK]积极入市[UNK]新增开户29户[PAD]
输出：6月[UNK][UNK][UNK][UNK][UNK]极入市[UNK]海增开户20──[SEP][PAD]
输入：路透社消息，一艘从利比亚横渡地中海开往意大利的偷渡船倾覆，约400人身亡。船上载有550多名偷渡客，许多是年轻人和儿童，大部分来自撒哈拉以南非洲地区。事发后意大利海防部队展开搜救，获救的150人被送往意大利南部[CLS]从利比亚开往意大利：400偷渡客沉船身
输出：从利：天开眷意大利：4000渡客沉船身亡
=========
epoch 29 begin
第29轮平均loss:0.897644
开始测试第29轮模型效果：
输入：阿根廷布宜诺斯艾利斯省奇尔梅斯市一服装店，8个月内被抢了三次。最后被抢劫的经历，更是直接让老板心理崩溃：歹徒在抢完不久后发现衣服[UNK]抢错了尺码[UNK]，理直气壮地拿着衣服到店里换，老板又不敢声张，只好忍气吞声。（中国新[CLS]阿根廷歹徒抢服装尺码不对拿回店里换[PAD][PAD]
输出：阿根廷歹徒抢服情尺码不对拿回店里换[SEP][PAD][PAD]
输入：就俄罗斯免费医疗话题，国家卫生计生委国际司司长任明辉表示，真正的免费医疗制度不存在。或由税收支持，或个人和企业支付的医疗保险社会保险解决。免费医疗国家的患者看病不花钱，费用在各种税收或缴纳的保险中体现了。（网图[CLS]卫生计生委国际司司长：真正的免费医疗不
输出：卫生计生委国际司长长：真正的免费医疗不存
输入：6月合格境外机构投资者([UNK][UNK][UNK][UNK])加快入市步伐。据中登公司发布的2013年6月份统计月报显示，[UNK][UNK][UNK][UNK]基金6月份在沪深两市分别新增开户14、15个[UNK]股股票账户，这29个账户让[UNK][UNK][UNK][UNK]在沪深两市的总账户数达到46[CLS]6月[UNK][UNK][UNK][UNK]积极入市[UNK]新增开户29户[PAD]
输出：6月[UNK][UNK][UNK][UNK][UNK]极閨市[UNK]新增开户20户[SEP][PAD]
输入：路透社消息，一艘从利比亚横渡地中海开往意大利的偷渡船倾覆，约400人身亡。船上载有550多名偷渡客，许多是年轻人和儿童，大部分来自撒哈拉以南非洲地区。事发后意大利海防部队展开搜救，获救的150人被送往意大利南部[CLS]从利比亚开往意大利：400偷渡客沉船身
输出：[unused25]利：亚开往意大利：400偷渡客沉船身亡
=========
epoch 30 begin
第30轮平均loss:0.750450
开始测试第30轮模型效果：
输入：阿根廷布宜诺斯艾利斯省奇尔梅斯市一服装店，8个月内被抢了三次。最后被抢劫的经历，更是直接让老板心理崩溃：歹徒在抢完不久后发现衣服[UNK]抢错了尺码[UNK]，理直气壮地拿着衣服到店里换，老板又不敢声张，只好忍气吞声。（中国新[CLS]阿根廷歹徒抢服装尺码不对拿回店里换[PAD][PAD]
输出：##н根廷歹徒抢服装尺码不对拿回店里换[SEP][PAD][PAD]
输入：就俄罗斯免费医疗话题，国家卫生计生委国际司司长任明辉表示，真正的免费医疗制度不存在。或由税收支持，或个人和企业支付的医疗保险社会保险解决。免费医疗国家的患者看病不花钱，费用在各种税收或缴纳的保险中体现了。（网图[CLS]卫生计生委国际司司长：真正的免费医疗不
输出：卫生计生委国际司长长：真正的免费医疗不存
输入：6月合格境外机构投资者([UNK][UNK][UNK][UNK])加快入市步伐。据中登公司发布的2013年6月份统计月报显示，[UNK][UNK][UNK][UNK]基金6月份在沪深两市分别新增开户14、15个[UNK]股股票账户，这29个账户让[UNK][UNK][UNK][UNK]在沪深两市的总账户数达到46[CLS]6月[UNK][UNK][UNK][UNK]积极入市[UNK]新增开户29户[PAD]
输出：6##菏[UNK][UNK][UNK]报##イト极入超[UNK]新增开户29户[SEP][PAD]
输入：路透社消息，一艘从利比亚横渡地中海开往意大利的偷渡船倾覆，约400人身亡。船上载有550多名偷渡客，许多是年轻人和儿童，大部分来自撒哈拉以南非洲地区。事发后意大利海防部队展开搜救，获救的150人被送往意大利南部[CLS]从利比亚开往意大利：400偷渡客沉船身
输出：从利：亚开##獨##餘大利：400偷市客沉船身亡
=========
epoch 31 begin
第31轮平均loss:0.657696
开始测试第31轮模型效果：
输入：阿根廷布宜诺斯艾利斯省奇尔梅斯市一服装店，8个月内被抢了三次。最后被抢劫的经历，更是直接让老板心理崩溃：歹徒在抢完不久后发现衣服[UNK]抢错了尺码[UNK]，理直气壮地拿着衣服到店里换，老板又不敢声张，只好忍气吞声。（中国新[CLS]阿根廷歹徒抢服装尺码不对拿回店里换[PAD][PAD]
输出：阿根廷歹徒抢服装尺码不对拿回店里换[SEP][PAD][PAD]
输入：就俄罗斯免费医疗话题，国家卫生计生委国际司司长任明辉表示，真正的免费医疗制度不存在。或由税收支持，或个人和企业支付的医疗保险社会保险解决。免费医疗国家的患者看病不花钱，费用在各种税收或缴纳的保险中体现了。（网图[CLS]卫生计生委国际司司长：真正的免费医疗不
输出：卫生计生委国际司长长：真正的免费医疗不存
输入：6月合格境外机构投资者([UNK][UNK][UNK][UNK])加快入市步伐。据中登公司发布的2013年6月份统计月报显示，[UNK][UNK][UNK][UNK]基金6月份在沪深两市分别新增开户14、15个[UNK]股股票账户，这29个账户让[UNK][UNK][UNK][UNK]在沪深两市的总账户数达到46[CLS]6月[UNK][UNK][UNK][UNK]积极入市[UNK]新增开户29户[PAD]
输出：6月[UNK][UNK][UNK][UNK][UNK]大入市[UNK]新增开户29户[SEP][PAD]
输入：路透社消息，一艘从利比亚横渡地中海开往意大利的偷渡船倾覆，约400人身亡。船上载有550多名偷渡客，许多是年轻人和儿童，大部分来自撒哈拉以南非洲地区。事发后意大利海防部队展开搜救，获救的150人被送往意大利南部[CLS]从利比亚开往意大利：400偷渡客沉船身
输出：从利：亚开往意大利：从00偷渡客##凶船身亡
=========
epoch 32 begin
第32轮平均loss:0.617538
开始测试第32轮模型效果：
输入：阿根廷布宜诺斯艾利斯省奇尔梅斯市一服装店，8个月内被抢了三次。最后被抢劫的经历，更是直接让老板心理崩溃：歹徒在抢完不久后发现衣服[UNK]抢错了尺码[UNK]，理直气壮地拿着衣服到店里换，老板又不敢声张，只好忍气吞声。（中国新[CLS]阿根廷歹徒抢服装尺码不对拿回店里换[PAD][PAD]
输出：：1957廷歹徒抢服装尺码不对拿回店里换[SEP][PAD][PAD]
输入：就俄罗斯免费医疗话题，国家卫生计生委国际司司长任明辉表示，真正的免费医疗制度不存在。或由税收支持，或个人和企业支付的医疗保险社会保险解决。免费医疗国家的患者看病不花钱，费用在各种税收或缴纳的保险中体现了。（网图[CLS]卫生计生委国际司司长：真正的免费医疗不
输出：卫生计生委国际司长长：真正的免费医疗不存
输入：6月合格境外机构投资者([UNK][UNK][UNK][UNK])加快入市步伐。据中登公司发布的2013年6月份统计月报显示，[UNK][UNK][UNK][UNK]基金6月份在沪深两市分别新增开户14、15个[UNK]股股票账户，这29个账户让[UNK][UNK][UNK][UNK]在沪深两市的总账户数达到46[CLS]6月[UNK][UNK][UNK][UNK]积极入市[UNK]新增开户29户[PAD]
输出：6月[UNK][UNK][UNK][UNK][UNK]极入市[UNK]新增开户29##ow[SEP][PAD]
输入：路透社消息，一艘从利比亚横渡地中海开往意大利的偷渡船倾覆，约400人身亡。船上载有550多名偷渡客，许多是年轻人和儿童，大部分来自撒哈拉以南非洲地区。事发后意大利海防部队展开搜救，获救的150人被送往意大利南部[CLS]从利比亚开往意大利：400偷渡客沉船身
输出：从利：脚开往意大利：400偷渡客沉船身亡
=========
epoch 33 begin
第33轮平均loss:0.518102
开始测试第33轮模型效果：
输入：阿根廷布宜诺斯艾利斯省奇尔梅斯市一服装店，8个月内被抢了三次。最后被抢劫的经历，更是直接让老板心理崩溃：歹徒在抢完不久后发现衣服[UNK]抢错了尺码[UNK]，理直气壮地拿着衣服到店里换，老板又不敢声张，只好忍气吞声。（中国新[CLS]阿根廷歹徒抢服装尺码不对拿回店里换[PAD][PAD]
输出：阿根廷歹腓岁服装尺码不对拿回店里换[SEP][PAD][PAD]
输入：就俄罗斯免费医疗话题，国家卫生计生委国际司司长任明辉表示，真正的免费医疗制度不存在。或由税收支持，或个人和企业支付的医疗保险社会保险解决。免费医疗国家的患者看病不花钱，费用在各种税收或缴纳的保险中体现了。（网图[CLS]卫生计生委国际司司长：真正的免费医疗不
输出：卫生计生委国际司长长：真正的免费医疗不存
输入：6月合格境外机构投资者([UNK][UNK][UNK][UNK])加快入市步伐。据中登公司发布的2013年6月份统计月报显示，[UNK][UNK][UNK][UNK]基金6月份在沪深两市分别新增开户14、15个[UNK]股股票账户，这29个账户让[UNK][UNK][UNK][UNK]在沪深两市的总账户数达到46[CLS]6月[UNK][UNK][UNK][UNK]积极入市[UNK]新增开户29户[PAD]
输出：6月[UNK][UNK][UNK][UNK][UNK]极入市[UNK]新莲开户29户[SEP][PAD]
输入：路透社消息，一艘从利比亚横渡地中海开往意大利的偷渡船倾覆，约400人身亡。船上载有550多名偷渡客，许多是年轻人和儿童，大部分来自撒哈拉以南非洲地区。事发后意大利海防部队展开搜救，获救的150人被送往意大利南部[CLS]从利比亚开往意大利：400偷渡客沉船身
输出：从利比律开往意大利：400偷渡してくたさい♪この沉船身亡
=========
epoch 34 begin
第34轮平均loss:0.459807
开始测试第34轮模型效果：
输入：阿根廷布宜诺斯艾利斯省奇尔梅斯市一服装店，8个月内被抢了三次。最后被抢劫的经历，更是直接让老板心理崩溃：歹徒在抢完不久后发现衣服[UNK]抢错了尺码[UNK]，理直气壮地拿着衣服到店里换，老板又不敢声张，只好忍气吞声。（中国新[CLS]阿根廷歹徒抢服装尺码不对拿回店里换[PAD][PAD]
输出：阿根廷nokia徒2服装尺码不对拿回店里换[SEP][PAD][PAD]
输入：就俄罗斯免费医疗话题，国家卫生计生委国际司司长任明辉表示，真正的免费医疗制度不存在。或由税收支持，或个人和企业支付的医疗保险社会保险解决。免费医疗国家的患者看病不花钱，费用在各种税收或缴纳的保险中体现了。（网图[CLS]卫生计生委国际司司长：真正的免费医疗不
输出：卫生计生委国际司长长：真正的免费医疗不存
输入：6月合格境外机构投资者([UNK][UNK][UNK][UNK])加快入市步伐。据中登公司发布的2013年6月份统计月报显示，[UNK][UNK][UNK][UNK]基金6月份在沪深两市分别新增开户14、15个[UNK]股股票账户，这29个账户让[UNK][UNK][UNK][UNK]在沪深两市的总账户数达到46[CLS]6月[UNK][UNK][UNK][UNK]积极入市[UNK]新增开户29户[PAD]
输出：6月[UNK][UNK][UNK][UNK][UNK]极入市[UNK]新增开户29户[SEP][PAD]
输入：路透社消息，一艘从利比亚横渡地中海开往意大利的偷渡船倾覆，约400人身亡。船上载有550多名偷渡客，许多是年轻人和儿童，大部分来自撒哈拉以南非洲地区。事发后意大利海防部队展开搜救，获救的150人被送往意大利南部[CLS]从利比亚开往意大利：400偷渡客沉船身
输出：从利比50mm开往意大利：400偷渡客沉船身亡
=========
epoch 35 begin
第35轮平均loss:0.417497
开始测试第35轮模型效果：
输入：阿根廷布宜诺斯艾利斯省奇尔梅斯市一服装店，8个月内被抢了三次。最后被抢劫的经历，更是直接让老板心理崩溃：歹徒在抢完不久后发现衣服[UNK]抢错了尺码[UNK]，理直气壮地拿着衣服到店里换，老板又不敢声张，只好忍气吞声。（中国新[CLS]阿根廷歹徒抢服装尺码不对拿回店里换[PAD][PAD]
输出：阿根廷歹徒抢服装##ク码不对拿回店里换[SEP][PAD][PAD]
输入：就俄罗斯免费医疗话题，国家卫生计生委国际司司长任明辉表示，真正的免费医疗制度不存在。或由税收支持，或个人和企业支付的医疗保险社会保险解决。免费医疗国家的患者看病不花钱，费用在各种税收或缴纳的保险中体现了。（网图[CLS]卫生计生委国际司司长：真正的免费医疗不
输出：卫生计生委国际司长长：真正的免费医疗不存
输入：6月合格境外机构投资者([UNK][UNK][UNK][UNK])加快入市步伐。据中登公司发布的2013年6月份统计月报显示，[UNK][UNK][UNK][UNK]基金6月份在沪深两市分别新增开户14、15个[UNK]股股票账户，这29个账户让[UNK][UNK][UNK][UNK]在沪深两市的总账户数达到46[CLS]6月[UNK][UNK][UNK][UNK]积极入市[UNK]新增开户29户[PAD]
输出：6月[UNK][UNK][UNK][UNK][UNK]极入市[UNK]新增开##锆29户[SEP][PAD]
输入：路透社消息，一艘从利比亚横渡地中海开往意大利的偷渡船倾覆，约400人身亡。船上载有550多名偷渡客，许多是年轻人和儿童，大部分来自撒哈拉以南非洲地区。事发后意大利海防部队展开搜救，获救的150人被送往意大利南部[CLS]从利比亚开往意大利：400偷渡客沉船身
输出：##ew利比亚皿往意大利：400偷渡客沉船身亡
=========
epoch 36 begin
第36轮平均loss:0.373378
开始测试第36轮模型效果：
输入：阿根廷布宜诺斯艾利斯省奇尔梅斯市一服装店，8个月内被抢了三次。最后被抢劫的经历，更是直接让老板心理崩溃：歹徒在抢完不久后发现衣服[UNK]抢错了尺码[UNK]，理直气壮地拿着衣服到店里换，老板又不敢声张，只好忍气吞声。（中国新[CLS]阿根廷歹徒抢服装尺码不对拿回店里换[PAD][PAD]
输出：阿根廷歹徒抢服装尺码不对拿回店里换[SEP][PAD][PAD]
输入：就俄罗斯免费医疗话题，国家卫生计生委国际司司长任明辉表示，真正的免费医疗制度不存在。或由税收支持，或个人和企业支付的医疗保险社会保险解决。免费医疗国家的患者看病不花钱，费用在各种税收或缴纳的保险中体现了。（网图[CLS]卫生计生委国际司司长：真正的免费医疗不
输出：卫生计生委国际司长长：真正免免费医疗不存
输入：6月合格境外机构投资者([UNK][UNK][UNK][UNK])加快入市步伐。据中登公司发布的2013年6月份统计月报显示，[UNK][UNK][UNK][UNK]基金6月份在沪深两市分别新增开户14、15个[UNK]股股票账户，这29个账户让[UNK][UNK][UNK][UNK]在沪深两市的总账户数达到46[CLS]6月[UNK][UNK][UNK][UNK]积极入市[UNK]新增开户29户[PAD]
输出：6月[UNK][UNK][UNK][UNK][UNK]极入市[UNK]新增开唤29户[SEP][PAD]
输入：路透社消息，一艘从利比亚横渡地中海开往意大利的偷渡船倾覆，约400人身亡。船上载有550多名偷渡客，许多是年轻人和儿童，大部分来自撒哈拉以南非洲地区。事发后意大利海防部队展开搜救，获救的150人被送往意大利南部[CLS]从利比亚开往意大利：400偷渡客沉船身
输出：从利比亚开往意大利：400偷渡客沉船身亡
=========
epoch 37 begin
第37轮平均loss:0.338189
开始测试第37轮模型效果：
输入：阿根廷布宜诺斯艾利斯省奇尔梅斯市一服装店，8个月内被抢了三次。最后被抢劫的经历，更是直接让老板心理崩溃：歹徒在抢完不久后发现衣服[UNK]抢错了尺码[UNK]，理直气壮地拿着衣服到店里换，老板又不敢声张，只好忍气吞声。（中国新[CLS]阿根廷歹徒抢服装尺码不对拿回店里换[PAD][PAD]
输出：阿⑧廷歹徒抢服装尺码不对拿回店里换[SEP][PAD][PAD]
输入：就俄罗斯免费医疗话题，国家卫生计生委国际司司长任明辉表示，真正的免费医疗制度不存在。或由税收支持，或个人和企业支付的医疗保险社会保险解决。免费医疗国家的患者看病不花钱，费用在各种税收或缴纳的保险中体现了。（网图[CLS]卫生计生委国际司司长：真正的免费医疗不
输出：卫生大生委国际司长长：真正的免费医疗不存
输入：6月合格境外机构投资者([UNK][UNK][UNK][UNK])加快入市步伐。据中登公司发布的2013年6月份统计月报显示，[UNK][UNK][UNK][UNK]基金6月份在沪深两市分别新增开户14、15个[UNK]股股票账户，这29个账户让[UNK][UNK][UNK][UNK]在沪深两市的总账户数达到46[CLS]6月[UNK][UNK][UNK][UNK]积极入市[UNK]新增开户29户[PAD]
输出：8月[UNK][UNK]积积积极入市[UNK]沪增开户29户[SEP][PAD]
输入：路透社消息，一艘从利比亚横渡地中海开往意大利的偷渡船倾覆，约400人身亡。船上载有550多名偷渡客，许多是年轻人和儿童，大部分来自撒哈拉以南非洲地区。事发后意大利海防部队展开搜救，获救的150人被送往意大利南部[CLS]从利比亚开往意大利：400偷渡客沉船身
输出：从利比亚开往意大利：400偷渡客沉船##〉亡
=========
epoch 38 begin
第38轮平均loss:0.299529
开始测试第38轮模型效果：
输入：阿根廷布宜诺斯艾利斯省奇尔梅斯市一服装店，8个月内被抢了三次。最后被抢劫的经历，更是直接让老板心理崩溃：歹徒在抢完不久后发现衣服[UNK]抢错了尺码[UNK]，理直气壮地拿着衣服到店里换，老板又不敢声张，只好忍气吞声。（中国新[CLS]阿根廷歹徒抢服装尺码不对拿回店里换[PAD][PAD]
输出：阿根廷歹徒缘服装尺码不对拿回店里换[SEP][PAD][PAD]
输入：就俄罗斯免费医疗话题，国家卫生计生委国际司司长任明辉表示，真正的免费医疗制度不存在。或由税收支持，或个人和企业支付的医疗保险社会保险解决。免费医疗国家的患者看病不花钱，费用在各种税收或缴纳的保险中体现了。（网图[CLS]卫生计生委国际司司长：真正的免费医疗不
输出：卫生计生委国际司长长：真正的免费医疗不存
输入：6月合格境外机构投资者([UNK][UNK][UNK][UNK])加快入市步伐。据中登公司发布的2013年6月份统计月报显示，[UNK][UNK][UNK][UNK]基金6月份在沪深两市分别新增开户14、15个[UNK]股股票账户，这29个账户让[UNK][UNK][UNK][UNK]在沪深两市的总账户数达到46[CLS]6月[UNK][UNK][UNK][UNK]积极入市[UNK]新增开户29户[PAD]
输出：6月[UNK][UNK][UNK]积积极入市[UNK]2增开图##柞9户[SEP][PAD]
输入：路透社消息，一艘从利比亚横渡地中海开往意大利的偷渡船倾覆，约400人身亡。船上载有550多名偷渡客，许多是年轻人和儿童，大部分来自撒哈拉以南非洲地区。事发后意大利海防部队展开搜救，获救的150人被送往意大利南部[CLS]从利比亚开往意大利：400偷渡客沉船身
输出：从利比亚开往意大利：400偷渡客沉船身亡
=========
epoch 39 begin
第39轮平均loss:0.266269
开始测试第39轮模型效果：
输入：阿根廷布宜诺斯艾利斯省奇尔梅斯市一服装店，8个月内被抢了三次。最后被抢劫的经历，更是直接让老板心理崩溃：歹徒在抢完不久后发现衣服[UNK]抢错了尺码[UNK]，理直气壮地拿着衣服到店里换，老板又不敢声张，只好忍气吞声。（中国新[CLS]阿根廷歹徒抢服装尺码不对拿回店里换[PAD][PAD]
输出：阿根廷歹徒抢服装尺石不对拿回物里换[SEP][PAD][PAD]
输入：就俄罗斯免费医疗话题，国家卫生计生委国际司司长任明辉表示，真正的免费医疗制度不存在。或由税收支持，或个人和企业支付的医疗保险社会保险解决。免费医疗国家的患者看病不花钱，费用在各种税收或缴纳的保险中体现了。（网图[CLS]卫生计生委国际司司长：真正的免费医疗不
输出：卫生计生委国际司长长：真正的免费医疗不存
输入：6月合格境外机构投资者([UNK][UNK][UNK][UNK])加快入市步伐。据中登公司发布的2013年6月份统计月报显示，[UNK][UNK][UNK][UNK]基金6月份在沪深两市分别新增开户14、15个[UNK]股股票账户，这29个账户让[UNK][UNK][UNK][UNK]在沪深两市的总账户数达到46[CLS]6月[UNK][UNK][UNK][UNK]积极入市[UNK]新增开户29户[PAD]
输出：6月[UNK][UNK][UNK]积车极入市[UNK]##爾增开户29户[SEP][PAD]
输入：路透社消息，一艘从利比亚横渡地中海开往意大利的偷渡船倾覆，约400人身亡。船上载有550多名偷渡客，许多是年轻人和儿童，大部分来自撒哈拉以南非洲地区。事发后意大利海防部队展开搜救，获救的150人被送往意大利南部[CLS]从利比亚开往意大利：400偷渡客沉船身
输出：从利比亚开往意大利：400偷帘客沉船身亡
=========
epoch 40 begin
第40轮平均loss:0.244434
开始测试第40轮模型效果：
输入：阿根廷布宜诺斯艾利斯省奇尔梅斯市一服装店，8个月内被抢了三次。最后被抢劫的经历，更是直接让老板心理崩溃：歹徒在抢完不久后发现衣服[UNK]抢错了尺码[UNK]，理直气壮地拿着衣服到店里换，老板又不敢声张，只好忍气吞声。（中国新[CLS]阿根廷歹徒抢服装尺码不对拿回店里换[PAD][PAD]
输出：阿恒廷歹徒抢服装尺码不对拿回店里换[SEP][PAD][PAD]
输入：就俄罗斯免费医疗话题，国家卫生计生委国际司司长任明辉表示，真正的免费医疗制度不存在。或由税收支持，或个人和企业支付的医疗保险社会保险解决。免费医疗国家的患者看病不花钱，费用在各种税收或缴纳的保险中体现了。（网图[CLS]卫生计生委国际司司长：真正的免费医疗不
输出：卫生计：委国际司长长：真正的免费医疗不存
输入：6月合格境外机构投资者([UNK][UNK][UNK][UNK])加快入市步伐。据中登公司发布的2013年6月份统计月报显示，[UNK][UNK][UNK][UNK]基金6月份在沪深两市分别新增开户14、15个[UNK]股股票账户，这29个账户让[UNK][UNK][UNK][UNK]在沪深两市的总账户数达到46[CLS]6月[UNK][UNK][UNK][UNK]积极入市[UNK]新增开户29户[PAD]
输出：6月[UNK][UNK][UNK][UNK]积极入市[UNK]新增开户29户[SEP][PAD]
输入：路透社消息，一艘从利比亚横渡地中海开往意大利的偷渡船倾覆，约400人身亡。船上载有550多名偷渡客，许多是年轻人和儿童，大部分来自撒哈拉以南非洲地区。事发后意大利海防部队展开搜救，获救的150人被送往意大利南部[CLS]从利比亚开往意大利：400偷渡客沉船身
输出：从利比亚开往意大利：400偷渡客沉船身亡
=========
epoch 41 begin
第41轮平均loss:0.212560
开始测试第41轮模型效果：
输入：阿根廷布宜诺斯艾利斯省奇尔梅斯市一服装店，8个月内被抢了三次。最后被抢劫的经历，更是直接让老板心理崩溃：歹徒在抢完不久后发现衣服[UNK]抢错了尺码[UNK]，理直气壮地拿着衣服到店里换，老板又不敢声张，只好忍气吞声。（中国新[CLS]阿根廷歹徒抢服装尺码不对拿回店里换[PAD][PAD]
输出：阿根廷##灏徒抢服##驊尺码不罚拿回猴里换[SEP][PAD][PAD]
输入：就俄罗斯免费医疗话题，国家卫生计生委国际司司长任明辉表示，真正的免费医疗制度不存在。或由税收支持，或个人和企业支付的医疗保险社会保险解决。免费医疗国家的患者看病不花钱，费用在各种税收或缴纳的保险中体现了。（网图[CLS]卫生计生委国际司司长：真正的免费医疗不
输出：卫生计生委国际司长长：真正的免费医疗不存
输入：6月合格境外机构投资者([UNK][UNK][UNK][UNK])加快入市步伐。据中登公司发布的2013年6月份统计月报显示，[UNK][UNK][UNK][UNK]基金6月份在沪深两市分别新增开户14、15个[UNK]股股票账户，这29个账户让[UNK][UNK][UNK][UNK]在沪深两市的总账户数达到46[CLS]6月[UNK][UNK][UNK][UNK]积极入市[UNK]新增开户29户[PAD]
输出：6月[UNK][UNK][UNK][UNK]积极入市[UNK]新增开户29美[SEP][PAD]
输入：路透社消息，一艘从利比亚横渡地中海开往意大利的偷渡船倾覆，约400人身亡。船上载有550多名偷渡客，许多是年轻人和儿童，大部分来自撒哈拉以南非洲地区。事发后意大利海防部队展开搜救，获救的150人被送往意大利南部[CLS]从利比亚开往意大利：400偷渡客沉船身
输出：从利比亚开往意大利：400偷渡客沉船身亡
=========
epoch 42 begin
第42轮平均loss:0.195655
开始测试第42轮模型效果：
输入：阿根廷布宜诺斯艾利斯省奇尔梅斯市一服装店，8个月内被抢了三次。最后被抢劫的经历，更是直接让老板心理崩溃：歹徒在抢完不久后发现衣服[UNK]抢错了尺码[UNK]，理直气壮地拿着衣服到店里换，老板又不敢声张，只好忍气吞声。（中国新[CLS]阿根廷歹徒抢服装尺码不对拿回店里换[PAD][PAD]
输出：阿根廷歹徒抢服装尺码不对拿回店里换[SEP][PAD][PAD]
输入：就俄罗斯免费医疗话题，国家卫生计生委国际司司长任明辉表示，真正的免费医疗制度不存在。或由税收支持，或个人和企业支付的医疗保险社会保险解决。免费医疗国家的患者看病不花钱，费用在各种税收或缴纳的保险中体现了。（网图[CLS]卫生计生委国际司司长：真正的免费医疗不
输出：卫生计生委国际司长长：真正的免费医疗不存
输入：6月合格境外机构投资者([UNK][UNK][UNK][UNK])加快入市步伐。据中登公司发布的2013年6月份统计月报显示，[UNK][UNK][UNK][UNK]基金6月份在沪深两市分别新增开户14、15个[UNK]股股票账户，这29个账户让[UNK][UNK][UNK][UNK]在沪深两市的总账户数达到46[CLS]6月[UNK][UNK][UNK][UNK]积极入市[UNK]新增开户29户[PAD]
输出：6月[UNK][UNK][UNK][UNK]积极入市[UNK]新增开户29户[SEP][PAD]
输入：路透社消息，一艘从利比亚横渡地中海开往意大利的偷渡船倾覆，约400人身亡。船上载有550多名偷渡客，许多是年轻人和儿童，大部分来自撒哈拉以南非洲地区。事发后意大利海防部队展开搜救，获救的150人被送往意大利南部[CLS]从利比亚开往意大利：400偷渡客沉船身
输出：从利比亚开往意大利：400偷渡客沉船身亡
=========
epoch 43 begin
第43轮平均loss:0.182435
开始测试第43轮模型效果：
输入：阿根廷布宜诺斯艾利斯省奇尔梅斯市一服装店，8个月内被抢了三次。最后被抢劫的经历，更是直接让老板心理崩溃：歹徒在抢完不久后发现衣服[UNK]抢错了尺码[UNK]，理直气壮地拿着衣服到店里换，老板又不敢声张，只好忍气吞声。（中国新[CLS]阿根廷歹徒抢服装尺码不对拿回店里换[PAD][PAD]
输出：阿根廷歹徒抢服装尺码不对拿回第里换[SEP][PAD][PAD]
输入：就俄罗斯免费医疗话题，国家卫生计生委国际司司长任明辉表示，真正的免费医疗制度不存在。或由税收支持，或个人和企业支付的医疗保险社会保险解决。免费医疗国家的患者看病不花钱，费用在各种税收或缴纳的保险中体现了。（网图[CLS]卫生计生委国际司司长：真正的免费医疗不
输出：卫生计生委国际司长长：真正的免费医疗不存
输入：6月合格境外机构投资者([UNK][UNK][UNK][UNK])加快入市步伐。据中登公司发布的2013年6月份统计月报显示，[UNK][UNK][UNK][UNK]基金6月份在沪深两市分别新增开户14、15个[UNK]股股票账户，这29个账户让[UNK][UNK][UNK][UNK]在沪深两市的总账户数达到46[CLS]6月[UNK][UNK][UNK][UNK]积极入市[UNK]新增开户29户[PAD]
输出：6月[UNK][UNK][UNK][UNK]积极入市[UNK]新增开户29户[SEP][PAD]
输入：路透社消息，一艘从利比亚横渡地中海开往意大利的偷渡船倾覆，约400人身亡。船上载有550多名偷渡客，许多是年轻人和儿童，大部分来自撒哈拉以南非洲地区。事发后意大利海防部队展开搜救，获救的150人被送往意大利南部[CLS]从利比亚开往意大利：400偷渡客沉船身
输出：从利比亚开##嬢意大利：4##挤0偷渡客沉船身亡
=========
epoch 44 begin
第44轮平均loss:0.164634
开始测试第44轮模型效果：
输入：阿根廷布宜诺斯艾利斯省奇尔梅斯市一服装店，8个月内被抢了三次。最后被抢劫的经历，更是直接让老板心理崩溃：歹徒在抢完不久后发现衣服[UNK]抢错了尺码[UNK]，理直气壮地拿着衣服到店里换，老板又不敢声张，只好忍气吞声。（中国新[CLS]阿根廷歹徒抢服装尺码不对拿回店里换[PAD][PAD]
输出：外根廷歹徒抢服装尺码不对拿回店里项[SEP][PAD][PAD]
输入：就俄罗斯免费医疗话题，国家卫生计生委国际司司长任明辉表示，真正的免费医疗制度不存在。或由税收支持，或个人和企业支付的医疗保险社会保险解决。免费医疗国家的患者看病不花钱，费用在各种税收或缴纳的保险中体现了。（网图[CLS]卫生计生委国际司司长：真正的免费医疗不
输出：卫生计生委国际司长长：真正的免费医疗不存
输入：6月合格境外机构投资者([UNK][UNK][UNK][UNK])加快入市步伐。据中登公司发布的2013年6月份统计月报显示，[UNK][UNK][UNK][UNK]基金6月份在沪深两市分别新增开户14、15个[UNK]股股票账户，这29个账户让[UNK][UNK][UNK][UNK]在沪深两市的总账户数达到46[CLS]6月[UNK][UNK][UNK][UNK]积极入市[UNK]新增开户29户[PAD]
输出：6月[UNK][UNK][UNK][UNK]积极入市[UNK]新增开户29户[SEP][PAD]
输入：路透社消息，一艘从利比亚横渡地中海开往意大利的偷渡船倾覆，约400人身亡。船上载有550多名偷渡客，许多是年轻人和儿童，大部分来自撒哈拉以南非洲地区。事发后意大利海防部队展开搜救，获救的150人被送往意大利南部[CLS]从利比亚开往意大利：400偷渡客沉船身
输出：从利比##怎开往意大利：400偷渡客沉船身亡
=========
epoch 45 begin
第45轮平均loss:0.150355
开始测试第45轮模型效果：
输入：阿根廷布宜诺斯艾利斯省奇尔梅斯市一服装店，8个月内被抢了三次。最后被抢劫的经历，更是直接让老板心理崩溃：歹徒在抢完不久后发现衣服[UNK]抢错了尺码[UNK]，理直气壮地拿着衣服到店里换，老板又不敢声张，只好忍气吞声。（中国新[CLS]阿根廷歹徒抢服装尺码不对拿回店里换[PAD][PAD]
输出：阿根廷歹徒抢服装尺码不对拿回店里换[SEP][PAD][PAD]
输入：就俄罗斯免费医疗话题，国家卫生计生委国际司司长任明辉表示，真正的免费医疗制度不存在。或由税收支持，或个人和企业支付的医疗保险社会保险解决。免费医疗国家的患者看病不花钱，费用在各种税收或缴纳的保险中体现了。（网图[CLS]卫生计生委国际司司长：真正的免费医疗不
输出：卫生计生委国长司长长：真正莲免费医疗不存
输入：6月合格境外机构投资者([UNK][UNK][UNK][UNK])加快入市步伐。据中登公司发布的2013年6月份统计月报显示，[UNK][UNK][UNK][UNK]基金6月份在沪深两市分别新增开户14、15个[UNK]股股票账户，这29个账户让[UNK][UNK][UNK][UNK]在沪深两市的总账户数达到46[CLS]6月[UNK][UNK][UNK][UNK]积极入市[UNK]新增开户29户[PAD]
输出：6月[UNK][UNK][UNK][UNK]积极入市[UNK]新增开户29动[SEP][PAD]
输入：路透社消息，一艘从利比亚横渡地中海开往意大利的偷渡船倾覆，约400人身亡。船上载有550多名偷渡客，许多是年轻人和儿童，大部分来自撒哈拉以南非洲地区。事发后意大利海防部队展开搜救，获救的150人被送往意大利南部[CLS]从利比亚开往意大利：400偷渡客沉船身
输出：从利比亚开往意大利：400偷渡客沉船身亡
=========
epoch 46 begin
第46轮平均loss:0.142842
开始测试第46轮模型效果：
输入：阿根廷布宜诺斯艾利斯省奇尔梅斯市一服装店，8个月内被抢了三次。最后被抢劫的经历，更是直接让老板心理崩溃：歹徒在抢完不久后发现衣服[UNK]抢错了尺码[UNK]，理直气壮地拿着衣服到店里换，老板又不敢声张，只好忍气吞声。（中国新[CLS]阿根廷歹徒抢服装尺码不对拿回店里换[PAD][PAD]
输出：阿根廷歹徒抢服装尺码不对拿回店里换[SEP][PAD][PAD]
输入：就俄罗斯免费医疗话题，国家卫生计生委国际司司长任明辉表示，真正的免费医疗制度不存在。或由税收支持，或个人和企业支付的医疗保险社会保险解决。免费医疗国家的患者看病不花钱，费用在各种税收或缴纳的保险中体现了。（网图[CLS]卫生计生委国际司司长：真正的免费医疗不
输出：卫生计生委国：司福长：真正的免费医疗不存
输入：6月合格境外机构投资者([UNK][UNK][UNK][UNK])加快入市步伐。据中登公司发布的2013年6月份统计月报显示，[UNK][UNK][UNK][UNK]基金6月份在沪深两市分别新增开户14、15个[UNK]股股票账户，这29个账户让[UNK][UNK][UNK][UNK]在沪深两市的总账户数达到46[CLS]6月[UNK][UNK][UNK][UNK]积极入市[UNK]新增开户29户[PAD]
输出：6月[UNK][UNK][UNK][UNK]积极入市[UNK]新增开户29[UNK][SEP][PAD]
输入：路透社消息，一艘从利比亚横渡地中海开往意大利的偷渡船倾覆，约400人身亡。船上载有550多名偷渡客，许多是年轻人和儿童，大部分来自撒哈拉以南非洲地区。事发后意大利海防部队展开搜救，获救的150人被送往意大利南部[CLS]从利比亚开往意大利：400偷渡客沉船身
输出：从利比亚开往意大利：400偷渡客沉船身亡
=========
epoch 47 begin
第47轮平均loss:0.134485
开始测试第47轮模型效果：
输入：阿根廷布宜诺斯艾利斯省奇尔梅斯市一服装店，8个月内被抢了三次。最后被抢劫的经历，更是直接让老板心理崩溃：歹徒在抢完不久后发现衣服[UNK]抢错了尺码[UNK]，理直气壮地拿着衣服到店里换，老板又不敢声张，只好忍气吞声。（中国新[CLS]阿根廷歹徒抢服装尺码不对拿回店里换[PAD][PAD]
输出：阿根廷歹徒抢服装尺码不20000拿回店里换[SEP][PAD][PAD]
输入：就俄罗斯免费医疗话题，国家卫生计生委国际司司长任明辉表示，真正的免费医疗制度不存在。或由税收支持，或个人和企业支付的医疗保险社会保险解决。免费医疗国家的患者看病不花钱，费用在各种税收或缴纳的保险中体现了。（网图[CLS]卫生计生委国际司司长：真正的免费医疗不
输出：卫生计生委国际##荘长长：真正的纵费医疗不存
输入：6月合格境外机构投资者([UNK][UNK][UNK][UNK])加快入市步伐。据中登公司发布的2013年6月份统计月报显示，[UNK][UNK][UNK][UNK]基金6月份在沪深两市分别新增开户14、15个[UNK]股股票账户，这29个账户让[UNK][UNK][UNK][UNK]在沪深两市的总账户数达到46[CLS]6月[UNK][UNK][UNK][UNK]积极入市[UNK]新增开户29户[PAD]
输出：6月[UNK][UNK][UNK][UNK]积极入市[UNK]新增开洲29户[SEP][PAD]
输入：路透社消息，一艘从利比亚横渡地中海开往意大利的偷渡船倾覆，约400人身亡。船上载有550多名偷渡客，许多是年轻人和儿童，大部分来自撒哈拉以南非洲地区。事发后意大利海防部队展开搜救，获救的150人被送往意大利南部[CLS]从利比亚开往意大利：400偷渡客沉船身
输出：从利比亚开往意大利：400偷渡客沉船身亡
=========
epoch 48 begin
第48轮平均loss:0.129599
开始测试第48轮模型效果：
输入：阿根廷布宜诺斯艾利斯省奇尔梅斯市一服装店，8个月内被抢了三次。最后被抢劫的经历，更是直接让老板心理崩溃：歹徒在抢完不久后发现衣服[UNK]抢错了尺码[UNK]，理直气壮地拿着衣服到店里换，老板又不敢声张，只好忍气吞声。（中国新[CLS]阿根廷歹徒抢服装尺码不对拿回店里换[PAD][PAD]
输出：阿根作歹徒抢服装尺码不对拿回店里换[SEP][PAD][PAD]
输入：就俄罗斯免费医疗话题，国家卫生计生委国际司司长任明辉表示，真正的免费医疗制度不存在。或由税收支持，或个人和企业支付的医疗保险社会保险解决。免费医疗国家的患者看病不花钱，费用在各种税收或缴纳的保险中体现了。（网图[CLS]卫生计生委国际司司长：真正的免费医疗不
输出：卫生计生委国诀司长长：真正的免费医疗不存
输入：6月合格境外机构投资者([UNK][UNK][UNK][UNK])加快入市步伐。据中登公司发布的2013年6月份统计月报显示，[UNK][UNK][UNK][UNK]基金6月份在沪深两市分别新增开户14、15个[UNK]股股票账户，这29个账户让[UNK][UNK][UNK][UNK]在沪深两市的总账户数达到46[CLS]6月[UNK][UNK][UNK][UNK]积极入市[UNK]新增开户29户[PAD]
输出：6月[UNK][UNK][UNK][UNK]积极入市[UNK]新增开户29户[SEP][PAD]
输入：路透社消息，一艘从利比亚横渡地中海开往意大利的偷渡船倾覆，约400人身亡。船上载有550多名偷渡客，许多是年轻人和儿童，大部分来自撒哈拉以南非洲地区。事发后意大利海防部队展开搜救，获救的150人被送往意大利南部[CLS]从利比亚开往意大利：400偷渡客沉船身
输出：从利比俞开往意大利：400偷渡客沉船身亡
=========
epoch 49 begin
第49轮平均loss:0.114538
开始测试第49轮模型效果：
输入：阿根廷布宜诺斯艾利斯省奇尔梅斯市一服装店，8个月内被抢了三次。最后被抢劫的经历，更是直接让老板心理崩溃：歹徒在抢完不久后发现衣服[UNK]抢错了尺码[UNK]，理直气壮地拿着衣服到店里换，老板又不敢声张，只好忍气吞声。（中国新[CLS]阿根廷歹徒抢服装尺码不对拿回店里换[PAD][PAD]
输出：阿根铰歹徒抢服装尺码不对拿回店里换[SEP][PAD][PAD]
输入：就俄罗斯免费医疗话题，国家卫生计生委国际司司长任明辉表示，真正的免费医疗制度不存在。或由税收支持，或个人和企业支付的医疗保险社会保险解决。免费医疗国家的患者看病不花钱，费用在各种税收或缴纳的保险中体现了。（网图[CLS]卫生计生委国际司司长：真正的免费医疗不
输出：卫生计生委国拜司长长：真正的免费医疗不存
输入：6月合格境外机构投资者([UNK][UNK][UNK][UNK])加快入市步伐。据中登公司发布的2013年6月份统计月报显示，[UNK][UNK][UNK][UNK]基金6月份在沪深两市分别新增开户14、15个[UNK]股股票账户，这29个账户让[UNK][UNK][UNK][UNK]在沪深两市的总账户数达到46[CLS]6月[UNK][UNK][UNK][UNK]积极入市[UNK]新增开户29户[PAD]
输出：6月[UNK][UNK][UNK][UNK]积极入市[UNK]新增开户29户[SEP][PAD]
输入：路透社消息，一艘从利比亚横渡地中海开往意大利的偷渡船倾覆，约400人身亡。船上载有550多名偷渡客，许多是年轻人和儿童，大部分来自撒哈拉以南非洲地区。事发后意大利海防部队展开搜救，获救的150人被送往意大利南部[CLS]从利比亚开往意大利：400偷渡客沉船身
输出：从利比亚开往意大利：400偷渡客沉船身亡
=========
epoch 50 begin
第50轮平均loss:0.114925
开始测试第50轮模型效果：
输入：阿根廷布宜诺斯艾利斯省奇尔梅斯市一服装店，8个月内被抢了三次。最后被抢劫的经历，更是直接让老板心理崩溃：歹徒在抢完不久后发现衣服[UNK]抢错了尺码[UNK]，理直气壮地拿着衣服到店里换，老板又不敢声张，只好忍气吞声。（中国新[CLS]阿根廷歹徒抢服装尺码不对拿回店里换[PAD][PAD]
输出：阿根廷歹徒抢服装尺码不对拿回店里换[SEP][PAD][PAD]
输入：就俄罗斯免费医疗话题，国家卫生计生委国际司司长任明辉表示，真正的免费医疗制度不存在。或由税收支持，或个人和企业支付的医疗保险社会保险解决。免费医疗国家的患者看病不花钱，费用在各种税收或缴纳的保险中体现了。（网图[CLS]卫生计生委国际司司长：真正的免费医疗不
输出：卫生计生委国际司长长：真正的免费医疗不存
输入：6月合格境外机构投资者([UNK][UNK][UNK][UNK])加快入市步伐。据中登公司发布的2013年6月份统计月报显示，[UNK][UNK][UNK][UNK]基金6月份在沪深两市分别新增开户14、15个[UNK]股股票账户，这29个账户让[UNK][UNK][UNK][UNK]在沪深两市的总账户数达到46[CLS]6月[UNK][UNK][UNK][UNK]积极入市[UNK]新增开户29户[PAD]
输出：6月[UNK][UNK][UNK][UNK]积极沽市[UNK]新增开户29户[SEP][PAD]
输入：路透社消息，一艘从利比亚横渡地中海开往意大利的偷渡船倾覆，约400人身亡。船上载有550多名偷渡客，许多是年轻人和儿童，大部分来自撒哈拉以南非洲地区。事发后意大利海防部队展开搜救，获救的150人被送往意大利南部[CLS]从利比亚开往意大利：400偷渡客沉船身
输出：从利比亚开发意大利：400偷渡客沉船身亡
