文本词表模型加载完成，开始训练...
============第1轮训练完成，平均损失：4.9760============
===============================================
让他在半年之前，就不能做出”李慕道：“我们？”李慕道：“我们的
李慕站在山路上，深深的呼吸，李慕也不知道，李慕也是一个人，他们
============第2轮训练完成，平均损失：4.1993============
===============================================
让他在半年之前，就不能做出的事情，但也不是一个人，但也不是一个
李慕站在山路上，深深的呼吸，李慕也不是一丝毫不是一个人，但也不
============第3轮训练完成，平均损失：3.9719============
===============================================
让他在半年之前，就不能做出什么事情，他们也不会再让他们在这里，
李慕站在山路上，深深的呼吸，他们的身体，也不是一次，但朱聪的修
============第4轮训练完成，平均损失：3.8376============
===============================================
让他在半年之前，就不能做出这种事情，但也不是他们的修行者，但也
李慕站在山路上，深深的呼吸，李慕还是一个小小的，但却是一个小小
============第5轮训练完成，平均损失：3.7405============
===============================================
让他在半年之前，就不能做出来的，这是他送给你的，我们一个人，你
李慕站在山路上，深深的呼吸，李慕的身体，一直在这里，李慕就是她
============第6轮训练完成，平均损失：3.6633============
===============================================
让他在半年之前，就不能做出什么事情，但这是他们的修行，也不是梅
李慕站在山路上，深深的呼吸，李慕的身体，却没有一个人能够理解。
============第7轮训练完成，平均损失：3.6041============
===============================================
让他在半年之前，就不能做出这种事情，他们也不会有这么多的飞僵千
李慕站在山路上，深深的呼吸，李慕的身体，却并不是一个人，这是一
============第8轮训练完成，平均损失：3.5536============
===============================================
让他在半年之前，就不能做出这种事情，最多是一个人，都是吸人阳气
李慕站在山路上，深深的呼吸，李慕的身体，一道未来的身影，从他身
============第9轮训练完成，平均损失：3.5035============
===============================================
让他在半年之前，就不能做出这种事情，但也不是他们的对手，也不用
李慕站在山路上，深深的呼吸，李慕的身体，从他的身上扫过。李慕看
============第10轮训练完成，平均损失：3.4605============
===============================================
让他在半年之前，就不能做出的。”李慕看着她，说道：“我们不要再
李慕站在山路上，深深的呼吸，李慕的身体，一道扇门，一道身影从外
============第11轮训练完成，平均损失：3.4321============
===============================================
让他在半年之前，就不能做出幻姬的法力，但却始终没有一丝丝毫不犹
李慕站在山路上，深深的呼吸，一道身影从地上爬起来，走到李慕身边
============第12轮训练完成，平均损失：3.4001============
===============================================
让他在半年之前，就不能做出这种事情，他们也不能再来找你。”李慕
李慕站在山路上，深深的呼吸，一道身影从外面走出来，说道：“你们
============第13轮训练完成，平均损失：3.3644============
===============================================
让他在半年之前，就不能做出这种种事情，他们也不能再想到，这里是
李慕站在山路上，深深的呼吸，李慕的身体，忽然从他的身上扫过，看
============第14轮训练完成，平均损失：3.3345============
===============================================
让他在半年之前，就不能做出这种事情，他们就是一个人，也不能再说
李慕站在山路上，深深的呼吸，李慕的身体，却没有任何犹豫，说道：
============第15轮训练完成，平均损失：3.3089============
===============================================
让他在半年之前，就不能做出这种事情，他们也不能再想，也不能让他
李慕站在山路上，深深的呼吸，不用担心被人类修行者吵醒，不过是凝
============第16轮训练完成，平均损失：3.2907============
===============================================
让他在半年之前，就不能做出这种事情，他们也不得不承认，这是他们
李慕站在山路上，深深的呼吸，李慕的身体，却没有任何犹豫，说道：
============第17轮训练完成，平均损失：3.2601============
===============================================
让他在半年之前，就不能做出这种事情，他们也不会再有什么好下场。
李慕站在山路上，深深的呼吸，李慕的身体，从怀里掏出一张剑符，说
============第18轮训练完成，平均损失：3.2512============
===============================================
让他在半年之前，就不能做出这种事情，他们也不缺人，也不能让他们
李慕站在山路上，深深的呼吸，也不能让他深吸口气，说道：“我们也
============第19轮训练完成，平均损失：3.2233============
===============================================
让他在半年之前，就不能做出这种事情，他们的实力，也不弱于第七境
李慕站在山路上，深深的呼吸，一道身影从远处飞来，一道身影从虚空
============第20轮训练完成，平均损失：3.2018============
===============================================
让他在半年之前，就不能做出这种事情，他们也不会再有什么好下场。
李慕站在山路上，深深的呼吸，从远处激射而来，李慕的身影在原地消
============第21轮训练完成，平均损失：3.1848============
===============================================
让他在半年之前，就不能做出事，但他们的修为，却比李慕还要强上一
李慕站在山路上，深深的呼吸，一道身影从外面走进来，说道：“我们
============第22轮训练完成，平均损失：3.1666============
===============================================
让他在半年之前，就不能做出这种事情，他们也不告诉我，我才是你的
李慕站在山路上，深深的呼吸，他们的身体，也被他吸入体内。李慕看
============第23轮训练完成，平均损失：3.1506============
===============================================
让他在半年之前，就不能做出这种事情，就算是他们能够让他们熬的，
李慕站在山路上，深深的呼吸，他们的身体，却被李慕一直拦住了。李
============第24轮训练完成，平均损失：3.1321============
===============================================
让他在半年之前，就不能做出这种事情，他们甚至连他们都不能接受。
李慕站在山路上，深深的呼吸，一个月前，他们就是一个人，一个人在
============第25轮训练完成，平均损失：3.1239============
===============================================
让他在半年之前，就不能做出这种事情。”李慕看着她，说道：“我们
李慕站在山路上，深深的呼吸，也有些不太好说，但他们的修为，却是
============第26轮训练完成，平均损失：3.1016============
===============================================
让他在半年之前，就不能做出这种事情。”李慕看向她，问道：“你们
李慕站在山路上，深深的呼吸，从他的身上，再次出现了浓浓的愤怒。
============第27轮训练完成，平均损失：3.0850============
===============================================
让他在半年之前，就不能做出这种事情，他们的修为已经达到了第六境
李慕站在山路上，深深的呼吸，他的身体忽然强大，但却并不是所有的
============第28轮训练完成，平均损失：3.0771============
===============================================
让他在半年之前，就不能做出这种事情，他才能发挥出的实力，但也没
李慕站在山路上，深深的呼吸，不知道显然是在和他们一起，也不能保
============第29轮训练完成，平均损失：3.0671============
===============================================
让他在半年之前，就不能做出事情，这些事情，就是我们的对手。”李
李慕站在山路上，深深的呼吸，从他的身体里穿过，李肆的身影，从中
============第30轮训练完成，平均损失：3.0532============
===============================================
让他在半年之前，就不能做出这种事情，从来都不颠覆了些许仙，但他
李慕站在山路上，深深的呼吸，一道身影从远处飞来，李慕看着那恩公
