{'#服装类型#': {'query': '您想买长袖、短袖还是半截袖', 'values': '长袖|短袖|半截袖'}, '#服装颜色#': {'query': '您喜欢什么颜色', 'values': '红|橙|黄|绿|青|蓝|紫'}, '#服装尺寸#': {'query': '您想要多尺寸', 'values': 's|m|l|xl|xxl'}, '#分期付款期数#': {'query': '您想分多少期，可以有3期，6期，9期，12期', 'values': '3|6|9|12'}, '#支付方式#': {'query': '您想使用什么支付方式', 'values': '信用卡|支付宝|微信'}, '#电影名称#': {'query': '你想看什么电影', 'values': '流浪地球|浪浪山小妖怪'}, '#时间#': {'query': '你想看几点场', 'values': '[0-9]{1,2}'}}
请输入：我要买衣服
{'available_nodes': ['scenario-买衣服_node1'], 'query': '我要买衣服', 'hit_node': 'scenario-买衣服_node1', 'intent_score': 1.0, 'require_slot': '#服装类型#', 'policy': 'request', 'response': '您想买长袖、短袖还是半截袖', 'last_response': '您想买长袖、短袖还是半截袖', 'last_available_childnode': ['scenario-买衣服_node2', 'scenario-买衣服_node3', 'scenario-买衣服_node4', 'scenario-买衣服_replay']}

您想买长袖、短袖还是半截袖
===========
请输入：半截袖
{'available_nodes': ['scenario-买衣服_node1'], 'query': '半截袖', 'hit_node': 'scenario-买衣服_node1', 'intent_score': 0.0, 'require_slot': '#服装颜色#', 'policy': 'request', 'response': '您喜欢什么颜色', 'last_response': '您喜欢什么颜色', 'last_available_childnode': ['scenario-买衣服_node2', 'scenario-买衣服_node3', 'scenario-买衣服_node4', 'scenario-买衣服_replay'], '#服装类型#': '半截袖'}

您喜欢什么颜色
===========
请输入：蓝色的
{'available_nodes': ['scenario-买衣服_node1'], 'query': '蓝色的', 'hit_node': 'scenario-买衣服_node1', 'intent_score': 0.0, 'require_slot': '#服装尺寸#', 'policy': 'request', 'response': '您想要多尺寸', 'last_response': '您想要多尺寸', 'last_available_childnode': ['scenario-买衣服_node2', 'scenario-买衣服_node3', 'scenario-买衣服_node4', 'scenario-买衣服_replay'], '#服装类型#': '半截袖', '#服装颜色#': '蓝'}

您想要多少尺寸
===========
请输入：就l码吧
{'available_nodes': ['scenario-买衣服_node2', 'scenario-买衣服_node3', 'scenario-买衣服_node4', 'scenario-买衣服_replay'], 'query': '就l码吧', 'hit_node': 'scenario-买衣服_node1', 'intent_score': 0.0, 'require_slot': None, 'policy': 'reply', 'response': '为您推荐这一款，l号，蓝色半截袖，产品连接：xxx', 'last_response': '为您推荐这一款，l号，蓝色半截袖，产品连接：xxx', 'last_available_childnode': ['scenario-买衣服_node2', 'scenario-买衣服_node3', 'scenario-买衣服_node4', 'scenario-买衣服_replay'], '#服装类型#': '半截袖', '#服装颜色#': '蓝', '#服装尺寸#': 'l'}

为您推荐这一款，l号，蓝色半截袖，产品连接：xxx
===========
请输入：你刚才说什么
{'available_nodes': ['scenario-买衣服_node2', 'scenario-买衣服_node3', 'scenario-买衣服_node4', 'scenario-买衣服_replay'], 'query': '你刚才说什么', 'hit_node': 'scenario-买衣服_replay', 'intent_score': 0.6666666666666666, 'require_slot': None, 'policy': 'replay', 'response': '好的，我再说一遍：为您推荐这一款，l号，蓝色半截袖，产品连接：xxx', 'last_response': '为您推荐这一款，l号，蓝色半截袖，产品连接：xxx', 'last_available_childnode': ['scenario-买衣服_node2', 'scenario-买衣服_node3', 'scenario-买衣服_node4', 'scenario-买衣服_replay'], '#服装类型#': '半截袖', '#服装颜色#': '蓝', '#服装尺寸#': 'l'}

好的，我再说一遍：为您推荐这一款，l号，蓝色半截袖，产品连接：xxx
===========
请输入：还是没听清
{'available_nodes': ['scenario-买衣服_node2', 'scenario-买衣服_node3', 'scenario-买衣服_node4', 'scenario-买衣服_replay'], 'query': '还是没听清', 'hit_node': 'scenario-买衣服_replay', 'intent_score': 0.2857142857142857, 'require_slot': None, 'policy': 'replay', 'response': '好的，我再说一遍：为您推荐这一款，l号，蓝色半截袖，产品连接：xxx', 'last_response': '为您推荐这一款，l号，蓝色半截袖，产品连接：xxx', 'last_available_childnode': ['scenario-买衣服_node2', 'scenario-买衣服_node3', 'scenario-买衣服_node4', 'scenario-买衣服_replay'], '#服装类型#': '半截袖', '#服装颜色#': '蓝', '#服装尺寸#': 'l'}

好的，我再说一遍：为您推荐这一款，l号，蓝色半截袖，产品连接：xxx
===========
请输入：麻烦再说一遍
{'available_nodes': ['scenario-买衣服_node2', 'scenario-买衣服_node3', 'scenario-买衣服_node4', 'scenario-买衣服_replay'], 'query': '麻烦再说一遍', 'hit_node': 'scenario-买衣服_replay', 'intent_score': 0.5, 'require_slot': None, 'policy': 'replay', 'response': '好的，我再说一遍：为您推荐这一款，l号，蓝色半截袖，产品连接：xxx', 'last_response': '为您推荐这一款，l号，蓝色半截袖，产品连接：xxx', 'last_available_childnode': ['scenario-买衣服_node2', 'scenario-买衣服_node3', 'scenario-买衣服_node4', 'scenario-买衣服_replay'], '#服装类型#': '半截袖', '#服装颜色#': '蓝', '#服装尺寸#': 'l'}

好的，我再说一遍：为您推荐这一款，l号，蓝色半截袖，产品连接：xxx
===========
请输入：好的，但是我现在没钱
{'available_nodes': ['scenario-买衣服_node3', 'scenario-买衣服_replay'], 'query': '好的，但是我现在没钱', 'hit_node': 'scenario-买衣服_node2', 'intent_score': 0.3, 'require_slot': None, 'policy': 'reply', 'response': '没钱你可以选择分期付款', 'last_response': '没钱你可以选择分期付款', 'last_available_childnode': ['scenario-买衣服_node3', 'scenario-买衣服_replay'], '#服装类型#': '半截袖', '#服装颜色#': '蓝', '#服装尺寸#': 'l'}

没钱你可以选择分期付款
===========
请输入：你说什么声音太小了
{'available_nodes': ['scenario-买衣服_node3', 'scenario-买衣服_replay'], 'query': '你说什么声音太小了', 'hit_node': 'scenario-买衣服_replay', 'intent_score': 0.4444444444444444, 'require_slot': None, 'policy': 'replay', 'response': '好的，我再说一遍：没钱你可以选择分期付款', 'last_response': '没钱你可以选择分期付款', 'last_available_childnode': ['scenario-买衣服_node3', 'scenario-买衣服_replay'], '#服装类型#': '半截袖', '#服装颜色#': '蓝', '#服装尺寸#': 'l'}

好的，我再说一遍：没钱你可以选择分期付款
===========
请输入：哦那怎么付款
{'available_nodes': ['scenario-买衣服_node3'], 'query': '哦那怎么付款', 'hit_node': 'scenario-买衣服_node3', 'intent_score': 0.18181818181818182, 'require_slot': '#分期付款期数#', 'policy': 'request', 'response': '您想分多少期，可以有3期，6期，9期，12期', 'last_response': '您想分多少期，可以有3期，6期，9期，12期', 'last_available_childnode': ['scenario-买衣服_replay'], '#服装类型#': '半截袖', '#服装颜色#': '蓝', '#服装尺寸#': 'l'}

您想分多少期，可以有3期，6期，9期，12期
===========
请输入：6期吧
{'available_nodes': ['scenario-买衣服_node3'], 'query': '6期吧', 'hit_node': 'scenario-买衣服_node3', 'intent_score': 0.1111111111111111, 'require_slot': '#支付方式#', 'policy': 'request', 'response': '您想使用什么支付方式', 'last_response': '您想使用什么支付方式', 'last_available_childnode': ['scenario-买衣服_replay'], '#服装类型#': '半截袖', '#服装颜色#': '蓝', '#服装尺寸#': 'l', '#分期付款期数#': '6'}

您想使用什么支付方式
===========
请输入：支付宝
{'available_nodes': ['scenario-买衣服_replay'], 'query': '支付宝', 'hit_node': 'scenario-买衣服_node3', 'intent_score': 0.1111111111111111, 'require_slot': None, 'policy': 'reply', 'response': '好的，为您办理分期付款，分6期，使用支付宝支付，谢谢惠顾，流程结束', 'last_response': '好的，为您办理分期付款，分6期，使用支付宝支付，谢谢惠顾，流程结束', 'last_available_childnode': ['scenario-买衣服_replay'], '#服装类型#': '半截袖', '#服装颜色#': '蓝', '#服装尺寸#': 'l', '#分期付款期数#': '6', '#支付方式#': '支付宝'}

好的，为您办理分期付款，分6期，使用支付宝支付，谢谢惠顾，流程结束
===========
请输入：你刚才又说什么了，能不能再说一遍我没听清
{'available_nodes': ['scenario-买衣服_replay'], 'query': '你刚才又说什么了，能不能再说一遍我没听清', 'hit_node': 'scenario-买衣服_replay', 'intent_score': 0.3333333333333333, 'require_slot': None, 'policy': 'replay', 'response': '好的，我再说一遍：好的，为您办理分期付款，分6期，使用支付宝支付，谢谢惠顾，流程结束', 'last_response': '好的，为您办理分期付款，分6期，使用支付宝支付，谢谢惠顾，流程结束', 'last_available_childnode': ['scenario-买衣服_replay'], '#服装类型#': '半截袖', '#服装颜色#': '蓝', '#服装尺寸#': 'l', '#分期付款期数#': '6', '#支付方式#': '支付宝'}

好的，我再说一遍：好的，为您办理分期付款，分6期，使用支付宝支付，谢谢惠顾，流程结束
===========
请输入：q
程序已退出。